2026-05-28 03:00:48,264 INFO run_final_experiments | Final experiments: 210 planned rows (0 already complete)
archive: instances
manifest: instances/MANIFEST.json
config: configs/hld_smac_best.json
out_csv: results/class_ordering/adversarial.csv
subset: test
solvers: hld
selected_cells: 6
cell: 100000,20,inversely_strongly,0.5
cell: 100000,20,strongly,0.5
cell: 100000,20,uncorrelated,0.5
cell: 100000,10,strongly,0.5
cell: 100000,5,strongly,0.75
cell: 100000,10,inversely_strongly,0.1
eligible_instances: 210
jobs: 12
highs_threads: 1
class_ordering: adversarial
time_limit_s: 60.0
2026-05-28 03:47:46,605 INFO run_final_experiments | final progress 1/210 elapsed=68.4s solver=hld instance=inversely_strongly/N100000_M10/mckp_N100000_M10_inversely_strongly_f0.100_seed14.json.gz profit=5921963 status=timeout
2026-05-28 03:47:46,705 INFO run_final_experiments | final progress 2/210 elapsed=68.5s solver=hld instance=inversely_strongly/N100000_M10/mckp_N100000_M10_inversely_strongly_f0.100_seed12.json.gz profit=5867549 status=timeout
2026-05-28 03:47:46,961 INFO run_final_experiments | final progress 3/210 elapsed=68.8s solver=hld instance=inversely_strongly/N100000_M10/mckp_N100000_M10_inversely_strongly_f0.100_seed20.json.gz profit=5856283 status=timeout
2026-05-28 03:47:47,030 INFO run_final_experiments | final progress 4/210 elapsed=68.8s solver=hld instance=inversely_strongly/N100000_M10/mckp_N100000_M10_inversely_strongly_f0.100_seed19.json.gz profit=5765140 status=timeout
2026-05-28 03:47:47,067 INFO run_final_experiments | final progress 5/210 elapsed=68.9s solver=hld instance=inversely_strongly/N100000_M10/mckp_N100000_M10_inversely_strongly_f0.100_seed15.json.gz profit=5164990 status=timeout
2026-05-28 03:47:47,225 INFO run_final_experiments | final progress 6/210 elapsed=69.0s solver=hld instance=inversely_strongly/N100000_M10/mckp_N100000_M10_inversely_strongly_f0.100_seed17.json.gz profit=5849536 status=timeout
2026-05-28 03:47:47,257 INFO run_final_experiments | final progress 7/210 elapsed=69.1s solver=hld instance=inversely_strongly/N100000_M10/mckp_N100000_M10_inversely_strongly_f0.100_seed16.json.gz profit=5893132 status=timeout
2026-05-28 03:47:47,492 INFO run_final_experiments | final progress 8/210 elapsed=69.3s solver=hld instance=inversely_strongly/N100000_M10/mckp_N100000_M10_inversely_strongly_f0.100_seed2.json.gz profit=5798301 status=timeout
2026-05-28 03:47:47,978 INFO run_final_experiments | final progress 9/210 elapsed=69.8s solver=hld instance=inversely_strongly/N100000_M10/mckp_N100000_M10_inversely_strongly_f0.100_seed0.json.gz profit=5849185 status=timeout
2026-05-28 03:47:48,207 INFO run_final_experiments | final progress 10/210 elapsed=70.0s solver=hld instance=inversely_strongly/N100000_M10/mckp_N100000_M10_inversely_strongly_f0.100_seed13.json.gz profit=5770459 status=timeout
2026-05-28 03:47:52,579 INFO run_final_experiments | final progress 11/210 elapsed=74.4s solver=hld instance=inversely_strongly/N100000_M10/mckp_N100000_M10_inversely_strongly_f0.100_seed10.json.gz profit=5778452 status=timeout
2026-05-28 03:47:55,991 INFO run_final_experiments | final progress 12/210 elapsed=77.8s solver=hld instance=inversely_strongly/N100000_M10/mckp_N100000_M10_inversely_strongly_f0.100_seed1.json.gz profit=5798094 status=timeout
2026-05-28 04:29:10,513 INFO run_final_experiments | final progress 13/210 elapsed=137.7s solver=hld instance=inversely_strongly/N100000_M10/mckp_N100000_M10_inversely_strongly_f0.100_seed22.json.gz profit=5745637 status=timeout
2026-05-28 04:29:10,819 INFO run_final_experiments | final progress 14/210 elapsed=138.0s solver=hld instance=inversely_strongly/N100000_M10/mckp_N100000_M10_inversely_strongly_f0.100_seed26.json.gz profit=5783998 status=timeout
2026-05-28 04:29:11,145 INFO run_final_experiments | final progress 15/210 elapsed=138.4s solver=hld instance=inversely_strongly/N100000_M10/mckp_N100000_M10_inversely_strongly_f0.100_seed3.json.gz profit=5702194 status=timeout
2026-05-28 04:29:11,682 INFO run_final_experiments | final progress 16/210 elapsed=138.9s solver=hld instance=inversely_strongly/N100000_M10/mckp_N100000_M10_inversely_strongly_f0.100_seed34.json.gz profit=5842740 status=timeout
2026-05-28 04:29:11,850 INFO run_final_experiments | final progress 17/210 elapsed=139.1s solver=hld instance=inversely_strongly/N100000_M10/mckp_N100000_M10_inversely_strongly_f0.100_seed32.json.gz profit=5910681 status=timeout
2026-05-28 04:29:12,088 INFO run_final_experiments | final progress 18/210 elapsed=139.3s solver=hld instance=inversely_strongly/N100000_M10/mckp_N100000_M10_inversely_strongly_f0.100_seed28.json.gz profit=5911736 status=timeout
2026-05-28 04:29:13,039 INFO run_final_experiments | final progress 19/210 elapsed=140.2s solver=hld instance=inversely_strongly/N100000_M10/mckp_N100000_M10_inversely_strongly_f0.100_seed24.json.gz profit=5872784 status=timeout
2026-05-28 04:29:13,080 INFO run_final_experiments | final progress 20/210 elapsed=140.3s solver=hld instance=inversely_strongly/N100000_M10/mckp_N100000_M10_inversely_strongly_f0.100_seed33.json.gz profit=5863491 status=timeout
2026-05-28 04:29:13,418 INFO run_final_experiments | final progress 21/210 elapsed=140.6s solver=hld instance=inversely_strongly/N100000_M10/mckp_N100000_M10_inversely_strongly_f0.100_seed35.json.gz profit=5867764 status=timeout
2026-05-28 04:29:15,501 INFO run_final_experiments | final progress 22/210 elapsed=142.7s solver=hld instance=inversely_strongly/N100000_M10/mckp_N100000_M10_inversely_strongly_f0.100_seed36.json.gz profit=5799722 status=timeout
2026-05-28 04:29:16,175 INFO run_final_experiments | final progress 23/210 elapsed=143.4s solver=hld instance=inversely_strongly/N100000_M10/mckp_N100000_M10_inversely_strongly_f0.100_seed37.json.gz profit=5858898 status=timeout
2026-05-28 05:37:43,027 INFO run_final_experiments | final progress 24/210 elapsed=206.3s solver=hld instance=inversely_strongly/N100000_M10/mckp_N100000_M10_inversely_strongly_f0.100_seed44.json.gz profit=5804578 status=timeout
2026-05-28 05:37:43,427 INFO run_final_experiments | final progress 25/210 elapsed=206.6s solver=hld instance=inversely_strongly/N100000_M10/mckp_N100000_M10_inversely_strongly_f0.100_seed45.json.gz profit=5814597 status=timeout
2026-05-28 05:37:43,636 INFO run_final_experiments | final progress 26/210 elapsed=206.9s solver=hld instance=inversely_strongly/N100000_M10/mckp_N100000_M10_inversely_strongly_f0.100_seed42.json.gz profit=5793560 status=timeout
2026-05-28 05:37:44,120 INFO run_final_experiments | final progress 27/210 elapsed=207.3s solver=hld instance=inversely_strongly/N100000_M10/mckp_N100000_M10_inversely_strongly_f0.100_seed4.json.gz profit=5812732 status=timeout
2026-05-28 05:37:44,286 INFO run_final_experiments | final progress 28/210 elapsed=207.5s solver=hld instance=inversely_strongly/N100000_M10/mckp_N100000_M10_inversely_strongly_f0.100_seed47.json.gz profit=5882653 status=timeout
2026-05-28 05:37:45,016 INFO run_final_experiments | final progress 29/210 elapsed=208.2s solver=hld instance=inversely_strongly/N100000_M10/mckp_N100000_M10_inversely_strongly_f0.100_seed49.json.gz profit=5847216 status=timeout
2026-05-28 05:37:45,921 INFO run_final_experiments | final progress 30/210 elapsed=209.1s solver=hld instance=inversely_strongly/N100000_M10/mckp_N100000_M10_inversely_strongly_f0.100_seed5.json.gz profit=5920824 status=timeout
2026-05-28 05:37:45,977 INFO run_final_experiments | final progress 31/210 elapsed=209.2s solver=hld instance=inversely_strongly/N100000_M10/mckp_N100000_M10_inversely_strongly_f0.100_seed38.json.gz profit=5755199 status=timeout
2026-05-28 05:37:48,218 INFO run_final_experiments | final progress 32/210 elapsed=211.4s solver=hld instance=inversely_strongly/N100000_M10/mckp_N100000_M10_inversely_strongly_f0.100_seed6.json.gz profit=5927932 status=timeout
2026-05-28 05:37:49,454 INFO run_final_experiments | final progress 33/210 elapsed=212.7s solver=hld instance=inversely_strongly/N100000_M10/mckp_N100000_M10_inversely_strongly_f0.100_seed9.json.gz profit=5927131 status=timeout
2026-05-28 06:28:13,079 INFO run_final_experiments | final progress 34/210 elapsed=278.4s solver=hld instance=inversely_strongly/N100000_M20/mckp_N100000_M20_inversely_strongly_f0.500_seed11.json.gz profit=23983462 status=timeout
2026-05-28 06:28:13,224 INFO run_final_experiments | final progress 35/210 elapsed=278.5s solver=hld instance=inversely_strongly/N100000_M20/mckp_N100000_M20_inversely_strongly_f0.500_seed1.json.gz profit=25694812 status=timeout
2026-05-28 06:28:13,670 INFO run_final_experiments | final progress 36/210 elapsed=279.0s solver=hld instance=inversely_strongly/N100000_M20/mckp_N100000_M20_inversely_strongly_f0.500_seed13.json.gz profit=23985424 status=timeout
2026-05-28 06:28:13,774 INFO run_final_experiments | final progress 37/210 elapsed=279.1s solver=hld instance=inversely_strongly/N100000_M20/mckp_N100000_M20_inversely_strongly_f0.500_seed10.json.gz profit=23984170 status=timeout
2026-05-28 06:28:14,271 INFO run_final_experiments | final progress 38/210 elapsed=279.6s solver=hld instance=inversely_strongly/N100000_M20/mckp_N100000_M20_inversely_strongly_f0.500_seed15.json.gz profit=23988332 status=timeout
2026-05-28 06:28:15,230 INFO run_final_experiments | final progress 39/210 elapsed=280.5s solver=hld instance=inversely_strongly/N100000_M20/mckp_N100000_M20_inversely_strongly_f0.500_seed16.json.gz profit=25692957 status=timeout
2026-05-28 06:28:15,428 INFO run_final_experiments | final progress 40/210 elapsed=280.7s solver=hld instance=inversely_strongly/N100000_M20/mckp_N100000_M20_inversely_strongly_f0.500_seed2.json.gz profit=25691889 status=timeout
2026-05-28 06:28:15,735 INFO run_final_experiments | final progress 41/210 elapsed=281.0s solver=hld instance=inversely_strongly/N100000_M20/mckp_N100000_M20_inversely_strongly_f0.500_seed17.json.gz profit=23982357 status=timeout
2026-05-28 06:28:17,776 INFO run_final_experiments | final progress 42/210 elapsed=283.1s solver=hld instance=inversely_strongly/N100000_M20/mckp_N100000_M20_inversely_strongly_f0.500_seed20.json.gz profit=23984624 status=timeout
2026-05-28 06:28:18,533 INFO run_final_experiments | final progress 43/210 elapsed=283.8s solver=hld instance=inversely_strongly/N100000_M20/mckp_N100000_M20_inversely_strongly_f0.500_seed21.json.gz profit=22282113 status=timeout
2026-05-28 06:47:33,596 INFO run_final_experiments | final progress 44/210 elapsed=352.1s solver=hld instance=inversely_strongly/N100000_M20/mckp_N100000_M20_inversely_strongly_f0.500_seed22.json.gz profit=5170485 status=timeout
2026-05-28 06:47:34,669 INFO run_final_experiments | final progress 45/210 elapsed=353.2s solver=hld instance=inversely_strongly/N100000_M20/mckp_N100000_M20_inversely_strongly_f0.500_seed25.json.gz profit=5170547 status=timeout
2026-05-28 06:47:34,923 INFO run_final_experiments | final progress 46/210 elapsed=353.5s solver=hld instance=inversely_strongly/N100000_M20/mckp_N100000_M20_inversely_strongly_f0.500_seed23.json.gz profit=5170433 status=timeout
2026-05-28 06:47:35,135 INFO run_final_experiments | final progress 47/210 elapsed=353.7s solver=hld instance=inversely_strongly/N100000_M20/mckp_N100000_M20_inversely_strongly_f0.500_seed28.json.gz profit=5170654 status=timeout
2026-05-28 06:47:35,276 INFO run_final_experiments | final progress 48/210 elapsed=353.8s solver=hld instance=inversely_strongly/N100000_M20/mckp_N100000_M20_inversely_strongly_f0.500_seed3.json.gz profit=5170523 status=timeout
2026-05-28 06:47:35,833 INFO run_final_experiments | final progress 49/210 elapsed=354.4s solver=hld instance=inversely_strongly/N100000_M20/mckp_N100000_M20_inversely_strongly_f0.500_seed30.json.gz profit=5170646 status=timeout
2026-05-28 06:47:36,002 INFO run_final_experiments | final progress 50/210 elapsed=354.5s solver=hld instance=inversely_strongly/N100000_M20/mckp_N100000_M20_inversely_strongly_f0.500_seed32.json.gz profit=5170727 status=timeout
2026-05-28 06:47:36,331 INFO run_final_experiments | final progress 51/210 elapsed=354.9s solver=hld instance=inversely_strongly/N100000_M20/mckp_N100000_M20_inversely_strongly_f0.500_seed31.json.gz profit=5170473 status=timeout
2026-05-28 06:47:48,714 INFO run_final_experiments | final progress 52/210 elapsed=367.3s solver=hld instance=inversely_strongly/N100000_M20/mckp_N100000_M20_inversely_strongly_f0.500_seed33.json.gz profit=6888742 status=timeout
2026-05-28 06:47:49,638 INFO run_final_experiments | final progress 53/210 elapsed=368.2s solver=hld instance=inversely_strongly/N100000_M20/mckp_N100000_M20_inversely_strongly_f0.500_seed35.json.gz profit=6888349 status=timeout
2026-05-28 07:05:04,985 INFO run_final_experiments | final progress 54/210 elapsed=424.3s solver=hld instance=inversely_strongly/N100000_M20/mckp_N100000_M20_inversely_strongly_f0.500_seed37.json.gz profit=18883105 status=timeout
2026-05-28 07:05:05,057 INFO run_final_experiments | final progress 55/210 elapsed=424.4s solver=hld instance=inversely_strongly/N100000_M20/mckp_N100000_M20_inversely_strongly_f0.500_seed38.json.gz profit=17168621 status=timeout
2026-05-28 07:05:05,775 INFO run_final_experiments | final progress 56/210 elapsed=425.1s solver=hld instance=inversely_strongly/N100000_M20/mckp_N100000_M20_inversely_strongly_f0.500_seed39.json.gz profit=18870997 status=timeout
2026-05-28 07:05:06,010 INFO run_final_experiments | final progress 57/210 elapsed=425.4s solver=hld instance=inversely_strongly/N100000_M20/mckp_N100000_M20_inversely_strongly_f0.500_seed40.json.gz profit=18871993 status=timeout
2026-05-28 07:05:06,247 INFO run_final_experiments | final progress 58/210 elapsed=425.6s solver=hld instance=inversely_strongly/N100000_M20/mckp_N100000_M20_inversely_strongly_f0.500_seed42.json.gz profit=18872125 status=timeout
2026-05-28 07:05:09,278 INFO run_final_experiments | final progress 59/210 elapsed=428.6s solver=hld instance=inversely_strongly/N100000_M20/mckp_N100000_M20_inversely_strongly_f0.500_seed43.json.gz profit=20579016 status=timeout
2026-05-28 07:05:11,342 INFO run_final_experiments | final progress 60/210 elapsed=430.6s solver=hld instance=inversely_strongly/N100000_M20/mckp_N100000_M20_inversely_strongly_f0.500_seed44.json.gz profit=20588893 status=timeout
2026-05-28 07:05:12,200 INFO run_final_experiments | final progress 61/210 elapsed=431.5s solver=hld instance=inversely_strongly/N100000_M20/mckp_N100000_M20_inversely_strongly_f0.500_seed45.json.gz profit=22292544 status=timeout
2026-05-28 07:05:23,162 INFO run_final_experiments | final progress 62/210 elapsed=442.4s solver=hld instance=inversely_strongly/N100000_M20/mckp_N100000_M20_inversely_strongly_f0.500_seed47.json.gz profit=25693919 status=timeout
2026-05-28 07:05:24,074 INFO run_final_experiments | final progress 63/210 elapsed=443.4s solver=hld instance=inversely_strongly/N100000_M20/mckp_N100000_M20_inversely_strongly_f0.500_seed48.json.gz profit=25693269 status=timeout
2026-05-28 07:08:08,578 INFO run_final_experiments | final progress 64/210 elapsed=481.5s solver=hld instance=inversely_strongly/N100000_M10/mckp_N100000_M10_inversely_strongly_f0.100_seed40.json.gz profit=5711231 status=timeout
2026-05-28 07:08:16,892 INFO run_final_experiments | final progress 65/210 elapsed=489.9s solver=hld instance=inversely_strongly/N100000_M20/mckp_N100000_M20_inversely_strongly_f0.500_seed5.json.gz profit=27421474 status=timeout
2026-05-28 07:08:17,337 INFO run_final_experiments | final progress 66/210 elapsed=490.3s solver=hld instance=inversely_strongly/N100000_M20/mckp_N100000_M20_inversely_strongly_f0.500_seed6.json.gz profit=27239167 status=timeout
2026-05-28 07:08:18,107 INFO run_final_experiments | final progress 67/210 elapsed=491.1s solver=hld instance=inversely_strongly/N100000_M20/mckp_N100000_M20_inversely_strongly_f0.500_seed8.json.gz profit=28708632 status=timeout
2026-05-28 07:08:18,627 INFO run_final_experiments | final progress 68/210 elapsed=491.6s solver=hld instance=inversely_strongly/N100000_M20/mckp_N100000_M20_inversely_strongly_f0.500_seed9.json.gz profit=29031205 status=timeout
2026-05-28 07:08:18,890 INFO run_final_experiments | final progress 69/210 elapsed=491.9s solver=hld instance=strongly/N100000_M10/mckp_N100000_M10_strongly_f0.500_seed1.json.gz profit=3324706 status=timeout
2026-05-28 07:08:20,355 INFO run_final_experiments | final progress 70/210 elapsed=493.3s solver=hld instance=inversely_strongly/N100000_M20/mckp_N100000_M20_inversely_strongly_f0.500_seed7.json.gz profit=27218396 status=timeout
2026-05-28 07:08:20,862 INFO run_final_experiments | final progress 71/210 elapsed=493.8s solver=hld instance=strongly/N100000_M10/mckp_N100000_M10_strongly_f0.500_seed11.json.gz profit=2234768 status=timeout
2026-05-28 07:08:21,496 INFO run_final_experiments | final progress 72/210 elapsed=494.5s solver=hld instance=strongly/N100000_M10/mckp_N100000_M10_strongly_f0.500_seed12.json.gz profit=3753138 status=timeout
2026-05-28 07:08:32,876 INFO run_final_experiments | final progress 73/210 elapsed=505.8s solver=hld instance=strongly/N100000_M10/mckp_N100000_M10_strongly_f0.500_seed15.json.gz profit=3014018 status=timeout
2026-05-28 07:08:33,387 INFO run_final_experiments | final progress 74/210 elapsed=506.4s solver=hld instance=strongly/N100000_M10/mckp_N100000_M10_strongly_f0.500_seed18.json.gz profit=4262679 status=timeout
2026-05-28 07:08:59,954 INFO run_final_experiments | final progress 75/210 elapsed=532.9s solver=hld instance=inversely_strongly/N100000_M10/mckp_N100000_M10_inversely_strongly_f0.100_seed23.json.gz profit=5865746 status=timeout
2026-05-28 07:09:11,164 INFO run_final_experiments | final progress 76/210 elapsed=544.1s solver=hld instance=strongly/N100000_M10/mckp_N100000_M10_strongly_f0.500_seed19.json.gz profit=4973469 status=timeout
2026-05-28 07:09:20,174 INFO run_final_experiments | final progress 77/210 elapsed=553.1s solver=hld instance=strongly/N100000_M10/mckp_N100000_M10_strongly_f0.500_seed20.json.gz profit=4984768 status=timeout
2026-05-28 07:09:20,271 INFO run_final_experiments | final progress 78/210 elapsed=553.2s solver=hld instance=strongly/N100000_M10/mckp_N100000_M10_strongly_f0.500_seed21.json.gz profit=4973232 status=timeout
<path>/knapsack-hld/.venv/lib/python3.14/site-packages/joblib/externals/loky/process_executor.py:782: UserWarning: A worker stopped while some jobs were given to the executor. This can be caused by a too short worker timeout or by a memory leak.
  warnings.warn(
2026-05-28 07:09:20,561 INFO run_final_experiments | final progress 79/210 elapsed=553.5s solver=hld instance=strongly/N100000_M10/mckp_N100000_M10_strongly_f0.500_seed22.json.gz profit=5337562 status=timeout
2026-05-28 07:09:21,818 INFO run_final_experiments | final progress 80/210 elapsed=554.8s solver=hld instance=strongly/N100000_M10/mckp_N100000_M10_strongly_f0.500_seed24.json.gz profit=4623882 status=timeout
2026-05-28 07:09:21,929 INFO run_final_experiments | final progress 81/210 elapsed=554.9s solver=hld instance=strongly/N100000_M10/mckp_N100000_M10_strongly_f0.500_seed23.json.gz profit=4973775 status=timeout
2026-05-28 07:09:22,979 INFO run_final_experiments | final progress 82/210 elapsed=556.0s solver=hld instance=strongly/N100000_M10/mckp_N100000_M10_strongly_f0.500_seed25.json.gz profit=4276890 status=timeout
2026-05-28 07:09:23,775 INFO run_final_experiments | final progress 83/210 elapsed=556.7s solver=hld instance=strongly/N100000_M10/mckp_N100000_M10_strongly_f0.500_seed26.json.gz profit=4627116 status=timeout
2026-05-28 07:09:24,080 INFO run_final_experiments | final progress 84/210 elapsed=557.1s solver=hld instance=strongly/N100000_M10/mckp_N100000_M10_strongly_f0.500_seed27.json.gz profit=4967689 status=timeout
2026-05-28 07:09:35,393 INFO run_final_experiments | final progress 85/210 elapsed=568.4s solver=hld instance=strongly/N100000_M10/mckp_N100000_M10_strongly_f0.500_seed28.json.gz profit=4957168 status=timeout
2026-05-28 07:09:37,469 INFO run_final_experiments | final progress 86/210 elapsed=570.4s solver=hld instance=strongly/N100000_M10/mckp_N100000_M10_strongly_f0.500_seed29.json.gz profit=4617652 status=timeout
2026-05-28 07:10:02,537 INFO run_final_experiments | final progress 87/210 elapsed=595.5s solver=hld instance=strongly/N100000_M10/mckp_N100000_M10_strongly_f0.500_seed30.json.gz profit=4273207 status=timeout
2026-05-28 07:10:13,491 INFO run_final_experiments | final progress 88/210 elapsed=606.5s solver=hld instance=strongly/N100000_M10/mckp_N100000_M10_strongly_f0.500_seed33.json.gz profit=5332719 status=timeout
2026-05-28 07:10:23,439 INFO run_final_experiments | final progress 89/210 elapsed=616.4s solver=hld instance=strongly/N100000_M10/mckp_N100000_M10_strongly_f0.500_seed34.json.gz profit=3935542 status=timeout
2026-05-28 07:10:23,524 INFO run_final_experiments | final progress 90/210 elapsed=616.5s solver=hld instance=strongly/N100000_M10/mckp_N100000_M10_strongly_f0.500_seed36.json.gz profit=4971769 status=timeout
2026-05-28 07:10:24,426 INFO run_final_experiments | final progress 91/210 elapsed=617.4s solver=hld instance=strongly/N100000_M10/mckp_N100000_M10_strongly_f0.500_seed4.json.gz profit=4980587 status=timeout
2026-05-28 07:10:24,449 INFO run_final_experiments | final progress 92/210 elapsed=617.4s solver=hld instance=strongly/N100000_M10/mckp_N100000_M10_strongly_f0.500_seed39.json.gz profit=4975136 status=timeout
2026-05-28 07:10:24,475 INFO run_final_experiments | final progress 93/210 elapsed=617.4s solver=hld instance=strongly/N100000_M10/mckp_N100000_M10_strongly_f0.500_seed37.json.gz profit=6111313 status=timeout
2026-05-28 07:10:25,598 INFO run_final_experiments | final progress 94/210 elapsed=618.6s solver=hld instance=strongly/N100000_M10/mckp_N100000_M10_strongly_f0.500_seed40.json.gz profit=4286454 status=timeout
2026-05-28 07:10:26,423 INFO run_final_experiments | final progress 95/210 elapsed=619.4s solver=hld instance=strongly/N100000_M10/mckp_N100000_M10_strongly_f0.500_seed41.json.gz profit=4978268 status=timeout
2026-05-28 07:10:27,556 INFO run_final_experiments | final progress 96/210 elapsed=620.5s solver=hld instance=strongly/N100000_M10/mckp_N100000_M10_strongly_f0.500_seed42.json.gz profit=6934356 status=timeout
2026-05-28 07:10:37,936 INFO run_final_experiments | final progress 97/210 elapsed=630.9s solver=hld instance=strongly/N100000_M10/mckp_N100000_M10_strongly_f0.500_seed43.json.gz profit=4991402 status=timeout
2026-05-28 07:10:40,993 INFO run_final_experiments | final progress 98/210 elapsed=634.0s solver=hld instance=strongly/N100000_M10/mckp_N100000_M10_strongly_f0.500_seed45.json.gz profit=4979591 status=timeout
2026-05-28 07:11:04,877 INFO run_final_experiments | final progress 99/210 elapsed=657.8s solver=hld instance=strongly/N100000_M10/mckp_N100000_M10_strongly_f0.500_seed46.json.gz profit=5715471 status=timeout
2026-05-28 07:11:16,091 INFO run_final_experiments | final progress 100/210 elapsed=669.1s solver=hld instance=strongly/N100000_M10/mckp_N100000_M10_strongly_f0.500_seed47.json.gz profit=4298116 status=timeout
2026-05-28 07:11:26,014 INFO run_final_experiments | final progress 101/210 elapsed=679.0s solver=hld instance=strongly/N100000_M10/mckp_N100000_M10_strongly_f0.500_seed49.json.gz profit=4275373 status=timeout
2026-05-28 07:11:26,849 INFO run_final_experiments | final progress 102/210 elapsed=679.8s solver=hld instance=strongly/N100000_M10/mckp_N100000_M10_strongly_f0.500_seed7.json.gz profit=4989041 status=timeout
2026-05-28 07:11:27,265 INFO run_final_experiments | final progress 103/210 elapsed=680.2s solver=hld instance=strongly/N100000_M10/mckp_N100000_M10_strongly_f0.500_seed5.json.gz profit=4980246 status=timeout
2026-05-28 07:11:27,375 INFO run_final_experiments | final progress 104/210 elapsed=680.3s solver=hld instance=strongly/N100000_M10/mckp_N100000_M10_strongly_f0.500_seed9.json.gz profit=4272463 status=timeout
2026-05-28 07:11:27,571 INFO run_final_experiments | final progress 105/210 elapsed=680.5s solver=hld instance=strongly/N100000_M10/mckp_N100000_M10_strongly_f0.500_seed8.json.gz profit=4286696 status=timeout
2026-05-28 07:11:31,560 INFO run_final_experiments | final progress 106/210 elapsed=684.5s solver=hld instance=strongly/N100000_M20/mckp_N100000_M20_strongly_f0.500_seed0.json.gz profit=2399279 status=timeout
2026-05-28 07:11:31,898 INFO run_final_experiments | final progress 107/210 elapsed=684.9s solver=hld instance=strongly/N100000_M20/mckp_N100000_M20_strongly_f0.500_seed11.json.gz profit=2733237 status=timeout
2026-05-28 07:11:33,207 INFO run_final_experiments | final progress 108/210 elapsed=686.2s solver=hld instance=strongly/N100000_M20/mckp_N100000_M20_strongly_f0.500_seed12.json.gz profit=2186311 status=timeout
2026-05-28 07:11:44,083 INFO run_final_experiments | final progress 109/210 elapsed=697.1s solver=hld instance=strongly/N100000_M20/mckp_N100000_M20_strongly_f0.500_seed14.json.gz profit=2737233 status=timeout
2026-05-28 07:11:46,823 INFO run_final_experiments | final progress 110/210 elapsed=699.8s solver=hld instance=strongly/N100000_M20/mckp_N100000_M20_strongly_f0.500_seed15.json.gz profit=1932533 status=timeout
2026-05-28 07:12:11,491 INFO run_final_experiments | final progress 111/210 elapsed=724.5s solver=hld instance=strongly/N100000_M20/mckp_N100000_M20_strongly_f0.500_seed16.json.gz profit=1683268 status=timeout
2026-05-28 07:12:21,789 INFO run_final_experiments | final progress 112/210 elapsed=734.8s solver=hld instance=strongly/N100000_M20/mckp_N100000_M20_strongly_f0.500_seed17.json.gz profit=2188408 status=timeout
2026-05-28 07:12:32,066 INFO run_final_experiments | final progress 113/210 elapsed=745.0s solver=hld instance=strongly/N100000_M20/mckp_N100000_M20_strongly_f0.500_seed18.json.gz profit=1436470 status=timeout
2026-05-28 07:12:32,510 INFO run_final_experiments | final progress 114/210 elapsed=745.5s solver=hld instance=strongly/N100000_M20/mckp_N100000_M20_strongly_f0.500_seed19.json.gz profit=2452151 status=timeout
2026-05-28 07:12:33,110 INFO run_final_experiments | final progress 115/210 elapsed=746.1s solver=hld instance=strongly/N100000_M20/mckp_N100000_M20_strongly_f0.500_seed20.json.gz profit=2194412 status=timeout
2026-05-28 07:12:33,448 INFO run_final_experiments | final progress 116/210 elapsed=746.4s solver=hld instance=strongly/N100000_M20/mckp_N100000_M20_strongly_f0.500_seed2.json.gz profit=2734652 status=timeout
2026-05-28 07:12:34,536 INFO run_final_experiments | final progress 117/210 elapsed=747.5s solver=hld instance=strongly/N100000_M20/mckp_N100000_M20_strongly_f0.500_seed21.json.gz profit=3307202 status=timeout
2026-05-28 07:12:37,349 INFO run_final_experiments | final progress 118/210 elapsed=750.3s solver=hld instance=strongly/N100000_M20/mckp_N100000_M20_strongly_f0.500_seed22.json.gz profit=2396253 status=timeout
2026-05-28 07:12:37,627 INFO run_final_experiments | final progress 119/210 elapsed=750.6s solver=hld instance=strongly/N100000_M20/mckp_N100000_M20_strongly_f0.500_seed23.json.gz profit=2189422 status=timeout
2026-05-28 07:12:39,716 INFO run_final_experiments | final progress 120/210 elapsed=752.7s solver=hld instance=strongly/N100000_M20/mckp_N100000_M20_strongly_f0.500_seed24.json.gz profit=2187869 status=timeout
2026-05-28 07:12:49,718 INFO run_final_experiments | final progress 121/210 elapsed=762.7s solver=hld instance=strongly/N100000_M20/mckp_N100000_M20_strongly_f0.500_seed28.json.gz profit=2443510 status=timeout
2026-05-28 07:12:52,321 INFO run_final_experiments | final progress 122/210 elapsed=765.3s solver=hld instance=strongly/N100000_M20/mckp_N100000_M20_strongly_f0.500_seed29.json.gz profit=3243630 status=timeout
2026-05-28 07:13:17,195 INFO run_final_experiments | final progress 123/210 elapsed=790.2s solver=hld instance=strongly/N100000_M20/mckp_N100000_M20_strongly_f0.500_seed3.json.gz profit=2455911 status=timeout
2026-05-28 07:13:27,722 INFO run_final_experiments | final progress 124/210 elapsed=800.7s solver=hld instance=strongly/N100000_M20/mckp_N100000_M20_strongly_f0.500_seed31.json.gz profit=1934872 status=timeout
2026-05-28 07:13:38,013 INFO run_final_experiments | final progress 125/210 elapsed=811.0s solver=hld instance=strongly/N100000_M20/mckp_N100000_M20_strongly_f0.500_seed32.json.gz profit=2450640 status=timeout
2026-05-28 07:13:38,223 INFO run_final_experiments | final progress 126/210 elapsed=811.2s solver=hld instance=strongly/N100000_M20/mckp_N100000_M20_strongly_f0.500_seed34.json.gz profit=3607501 status=timeout
2026-05-28 07:13:38,811 INFO run_final_experiments | final progress 127/210 elapsed=811.8s solver=hld instance=strongly/N100000_M20/mckp_N100000_M20_strongly_f0.500_seed35.json.gz profit=2191292 status=timeout
2026-05-28 07:13:39,628 INFO run_final_experiments | final progress 128/210 elapsed=812.6s solver=hld instance=strongly/N100000_M20/mckp_N100000_M20_strongly_f0.500_seed36.json.gz profit=1932050 status=timeout
2026-05-28 07:13:40,281 INFO run_final_experiments | final progress 129/210 elapsed=813.3s solver=hld instance=strongly/N100000_M20/mckp_N100000_M20_strongly_f0.500_seed37.json.gz profit=2398189 status=timeout
2026-05-28 07:13:44,774 INFO run_final_experiments | final progress 130/210 elapsed=817.7s solver=hld instance=strongly/N100000_M20/mckp_N100000_M20_strongly_f0.500_seed4.json.gz profit=2185966 status=timeout
2026-05-28 07:13:44,889 INFO run_final_experiments | final progress 131/210 elapsed=817.9s solver=hld instance=strongly/N100000_M20/mckp_N100000_M20_strongly_f0.500_seed39.json.gz profit=2462067 status=timeout
2026-05-28 07:13:45,966 INFO run_final_experiments | final progress 132/210 elapsed=818.9s solver=hld instance=strongly/N100000_M20/mckp_N100000_M20_strongly_f0.500_seed40.json.gz profit=1685279 status=timeout
2026-05-28 07:13:55,252 INFO run_final_experiments | final progress 133/210 elapsed=828.2s solver=hld instance=strongly/N100000_M20/mckp_N100000_M20_strongly_f0.500_seed42.json.gz profit=2187773 status=timeout
2026-05-28 07:13:58,055 INFO run_final_experiments | final progress 134/210 elapsed=831.0s solver=hld instance=strongly/N100000_M20/mckp_N100000_M20_strongly_f0.500_seed46.json.gz profit=2191538 status=timeout
2026-05-28 07:14:22,988 INFO run_final_experiments | final progress 135/210 elapsed=856.0s solver=hld instance=strongly/N100000_M20/mckp_N100000_M20_strongly_f0.500_seed47.json.gz profit=2732251 status=timeout
2026-05-28 07:14:34,612 INFO run_final_experiments | final progress 136/210 elapsed=867.6s solver=hld instance=strongly/N100000_M20/mckp_N100000_M20_strongly_f0.500_seed48.json.gz profit=2186385 status=timeout
2026-05-28 07:14:41,192 INFO run_final_experiments | final progress 137/210 elapsed=874.2s solver=hld instance=strongly/N100000_M5/mckp_N100000_M5_strongly_f0.750_seed0.json.gz profit=15318730 status=timeout
2026-05-28 07:14:43,380 INFO run_final_experiments | final progress 138/210 elapsed=876.4s solver=hld instance=strongly/N100000_M20/mckp_N100000_M20_strongly_f0.500_seed49.json.gz profit=2451583 status=timeout
2026-05-28 07:14:44,190 INFO run_final_experiments | final progress 139/210 elapsed=877.2s solver=hld instance=strongly/N100000_M20/mckp_N100000_M20_strongly_f0.500_seed5.json.gz profit=1931445 status=timeout
2026-05-28 07:14:44,510 INFO run_final_experiments | final progress 140/210 elapsed=877.5s solver=hld instance=strongly/N100000_M20/mckp_N100000_M20_strongly_f0.500_seed6.json.gz profit=3235858 status=timeout
2026-05-28 07:14:45,638 INFO run_final_experiments | final progress 141/210 elapsed=878.6s solver=hld instance=strongly/N100000_M20/mckp_N100000_M20_strongly_f0.500_seed9.json.gz profit=3015074 status=timeout
2026-05-28 07:14:45,653 INFO run_final_experiments | final progress 142/210 elapsed=878.6s solver=hld instance=strongly/N100000_M5/mckp_N100000_M5_strongly_f0.750_seed11.json.gz profit=22687968 status=timeout
2026-05-28 07:14:45,698 INFO run_final_experiments | final progress 143/210 elapsed=878.7s solver=hld instance=strongly/N100000_M5/mckp_N100000_M5_strongly_f0.750_seed1.json.gz profit=16181881 status=timeout
2026-05-28 07:14:46,324 INFO run_final_experiments | final progress 144/210 elapsed=879.3s solver=hld instance=strongly/N100000_M5/mckp_N100000_M5_strongly_f0.750_seed13.json.gz profit=37179398 status=timeout
2026-05-28 07:14:57,049 INFO run_final_experiments | final progress 145/210 elapsed=890.0s solver=hld instance=strongly/N100000_M5/mckp_N100000_M5_strongly_f0.750_seed15.json.gz profit=13815183 status=timeout
2026-05-28 07:14:59,666 INFO run_final_experiments | final progress 146/210 elapsed=892.6s solver=hld instance=strongly/N100000_M5/mckp_N100000_M5_strongly_f0.750_seed16.json.gz profit=15435456 status=timeout
2026-05-28 07:15:24,255 INFO run_final_experiments | final progress 147/210 elapsed=917.2s solver=hld instance=strongly/N100000_M5/mckp_N100000_M5_strongly_f0.750_seed17.json.gz profit=18755957 status=timeout
2026-05-28 07:15:35,478 INFO run_final_experiments | final progress 148/210 elapsed=928.5s solver=hld instance=strongly/N100000_M5/mckp_N100000_M5_strongly_f0.750_seed19.json.gz profit=17855507 status=timeout
2026-05-28 07:15:42,409 INFO run_final_experiments | final progress 149/210 elapsed=935.4s solver=hld instance=strongly/N100000_M5/mckp_N100000_M5_strongly_f0.750_seed2.json.gz profit=20668581 status=timeout
2026-05-28 07:15:44,731 INFO run_final_experiments | final progress 150/210 elapsed=937.7s solver=hld instance=strongly/N100000_M5/mckp_N100000_M5_strongly_f0.750_seed21.json.gz profit=19695213 status=timeout
2026-05-28 07:15:45,656 INFO run_final_experiments | final progress 151/210 elapsed=938.6s solver=hld instance=strongly/N100000_M5/mckp_N100000_M5_strongly_f0.750_seed23.json.gz profit=16157308 status=timeout
2026-05-28 07:15:45,908 INFO run_final_experiments | final progress 152/210 elapsed=938.9s solver=hld instance=strongly/N100000_M5/mckp_N100000_M5_strongly_f0.750_seed22.json.gz profit=5989107 status=timeout
2026-05-28 07:15:46,252 INFO run_final_experiments | final progress 153/210 elapsed=939.2s solver=hld instance=strongly/N100000_M5/mckp_N100000_M5_strongly_f0.750_seed28.json.gz profit=26063990 status=timeout
2026-05-28 07:15:46,622 INFO run_final_experiments | final progress 154/210 elapsed=939.6s solver=hld instance=strongly/N100000_M5/mckp_N100000_M5_strongly_f0.750_seed29.json.gz profit=15347566 status=timeout
2026-05-28 07:15:46,858 INFO run_final_experiments | final progress 155/210 elapsed=939.8s solver=hld instance=strongly/N100000_M5/mckp_N100000_M5_strongly_f0.750_seed25.json.gz profit=9763714 status=timeout
2026-05-28 07:15:47,495 INFO run_final_experiments | final progress 156/210 elapsed=940.5s solver=hld instance=strongly/N100000_M5/mckp_N100000_M5_strongly_f0.750_seed3.json.gz profit=9148793 status=timeout
2026-05-28 07:15:57,640 INFO run_final_experiments | final progress 157/210 elapsed=950.6s solver=hld instance=strongly/N100000_M5/mckp_N100000_M5_strongly_f0.750_seed30.json.gz profit=26110756 status=timeout
2026-05-28 07:16:00,626 INFO run_final_experiments | final progress 158/210 elapsed=953.6s solver=hld instance=strongly/N100000_M5/mckp_N100000_M5_strongly_f0.750_seed31.json.gz profit=20726872 status=timeout
2026-05-28 07:16:24,940 INFO run_final_experiments | final progress 159/210 elapsed=977.9s solver=hld instance=strongly/N100000_M5/mckp_N100000_M5_strongly_f0.750_seed32.json.gz profit=22696585 status=timeout
2026-05-28 07:16:36,350 INFO run_final_experiments | final progress 160/210 elapsed=989.3s solver=hld instance=strongly/N100000_M5/mckp_N100000_M5_strongly_f0.750_seed33.json.gz profit=17916623 status=timeout
2026-05-28 07:16:43,078 INFO run_final_experiments | final progress 161/210 elapsed=996.1s solver=hld instance=strongly/N100000_M5/mckp_N100000_M5_strongly_f0.750_seed34.json.gz profit=22786837 status=timeout
2026-05-28 07:16:45,440 INFO run_final_experiments | final progress 162/210 elapsed=998.4s solver=hld instance=strongly/N100000_M5/mckp_N100000_M5_strongly_f0.750_seed35.json.gz profit=21669101 status=timeout
2026-05-28 07:16:46,339 INFO run_final_experiments | final progress 163/210 elapsed=999.3s solver=hld instance=strongly/N100000_M5/mckp_N100000_M5_strongly_f0.750_seed38.json.gz profit=22662083 status=timeout
2026-05-28 07:16:46,869 INFO run_final_experiments | final progress 164/210 elapsed=999.8s solver=hld instance=strongly/N100000_M5/mckp_N100000_M5_strongly_f0.750_seed39.json.gz profit=14526347 status=timeout
2026-05-28 07:16:46,945 INFO run_final_experiments | final progress 165/210 elapsed=999.9s solver=hld instance=strongly/N100000_M5/mckp_N100000_M5_strongly_f0.750_seed4.json.gz profit=22750248 status=timeout
2026-05-28 07:16:47,442 INFO run_final_experiments | final progress 166/210 elapsed=1000.4s solver=hld instance=strongly/N100000_M5/mckp_N100000_M5_strongly_f0.750_seed40.json.gz profit=18765096 status=timeout
2026-05-28 07:16:47,667 INFO run_final_experiments | final progress 167/210 elapsed=1000.6s solver=hld instance=strongly/N100000_M5/mckp_N100000_M5_strongly_f0.750_seed42.json.gz profit=19384745 status=timeout
2026-05-28 07:16:48,379 INFO run_final_experiments | final progress 168/210 elapsed=1001.4s solver=hld instance=strongly/N100000_M5/mckp_N100000_M5_strongly_f0.750_seed45.json.gz profit=22745463 status=timeout
2026-05-28 07:16:58,191 INFO run_final_experiments | final progress 169/210 elapsed=1011.2s solver=hld instance=strongly/N100000_M5/mckp_N100000_M5_strongly_f0.750_seed46.json.gz profit=31150295 status=timeout
2026-05-28 07:17:01,535 INFO run_final_experiments | final progress 170/210 elapsed=1014.5s solver=hld instance=strongly/N100000_M5/mckp_N100000_M5_strongly_f0.750_seed48.json.gz profit=16206094 status=timeout
2026-05-28 07:17:26,021 INFO run_final_experiments | final progress 171/210 elapsed=1039.0s solver=hld instance=strongly/N100000_M5/mckp_N100000_M5_strongly_f0.750_seed49.json.gz profit=12139103 status=timeout
2026-05-28 07:17:36,884 INFO run_final_experiments | final progress 172/210 elapsed=1049.9s solver=hld instance=strongly/N100000_M5/mckp_N100000_M5_strongly_f0.750_seed6.json.gz profit=28516488 status=timeout
2026-05-28 07:17:37,012 INFO run_final_experiments | final progress 173/210 elapsed=1050.0s solver=hld instance=strongly/N100000_M5/mckp_N100000_M5_strongly_f0.750_seed8.json.gz profit=45529826 status=feasible
2026-05-28 07:17:43,951 INFO run_final_experiments | final progress 174/210 elapsed=1056.9s solver=hld instance=strongly/N100000_M5/mckp_N100000_M5_strongly_f0.750_seed7.json.gz profit=15420119 status=timeout
2026-05-28 07:17:46,852 INFO run_final_experiments | final progress 175/210 elapsed=1059.8s solver=hld instance=strongly/N100000_M5/mckp_N100000_M5_strongly_f0.750_seed9.json.gz profit=28470399 status=timeout
2026-05-28 07:17:51,626 INFO run_final_experiments | final progress 176/210 elapsed=1064.6s solver=hld instance=uncorrelated/N100000_M20/mckp_N100000_M20_uncorrelated_f0.500_seed1.json.gz profit=36209272 status=timeout
2026-05-28 07:17:52,378 INFO run_final_experiments | final progress 177/210 elapsed=1065.4s solver=hld instance=uncorrelated/N100000_M20/mckp_N100000_M20_uncorrelated_f0.500_seed10.json.gz profit=25521341 status=timeout
2026-05-28 07:17:52,772 INFO run_final_experiments | final progress 178/210 elapsed=1065.7s solver=hld instance=uncorrelated/N100000_M20/mckp_N100000_M20_uncorrelated_f0.500_seed11.json.gz profit=25093842 status=timeout
2026-05-28 07:17:52,879 INFO run_final_experiments | final progress 179/210 elapsed=1065.9s solver=hld instance=uncorrelated/N100000_M20/mckp_N100000_M20_uncorrelated_f0.500_seed12.json.gz profit=28706047 status=timeout
2026-05-28 07:17:53,054 INFO run_final_experiments | final progress 180/210 elapsed=1066.0s solver=hld instance=uncorrelated/N100000_M20/mckp_N100000_M20_uncorrelated_f0.500_seed13.json.gz profit=31628545 status=timeout
2026-05-28 07:18:03,684 INFO run_final_experiments | final progress 181/210 elapsed=1076.7s solver=hld instance=uncorrelated/N100000_M20/mckp_N100000_M20_uncorrelated_f0.500_seed15.json.gz profit=22325611 status=timeout
2026-05-28 07:18:06,033 INFO run_final_experiments | final progress 182/210 elapsed=1079.0s solver=hld instance=uncorrelated/N100000_M20/mckp_N100000_M20_uncorrelated_f0.500_seed16.json.gz profit=36668734 status=timeout
2026-05-28 07:18:30,943 INFO run_final_experiments | final progress 183/210 elapsed=1103.9s solver=hld instance=uncorrelated/N100000_M20/mckp_N100000_M20_uncorrelated_f0.500_seed17.json.gz profit=31418922 status=timeout
2026-05-28 07:18:42,289 INFO run_final_experiments | final progress 184/210 elapsed=1115.3s solver=hld instance=uncorrelated/N100000_M20/mckp_N100000_M20_uncorrelated_f0.500_seed18.json.gz profit=23912709 status=timeout
2026-05-28 07:18:42,481 INFO run_final_experiments | final progress 185/210 elapsed=1115.5s solver=hld instance=uncorrelated/N100000_M20/mckp_N100000_M20_uncorrelated_f0.500_seed20.json.gz profit=31875317 status=timeout
2026-05-28 07:18:48,237 INFO run_final_experiments | final progress 186/210 elapsed=1121.2s solver=hld instance=uncorrelated/N100000_M20/mckp_N100000_M20_uncorrelated_f0.500_seed22.json.gz profit=42626167 status=timeout
2026-05-28 07:18:52,037 INFO run_final_experiments | final progress 187/210 elapsed=1125.0s solver=hld instance=uncorrelated/N100000_M20/mckp_N100000_M20_uncorrelated_f0.500_seed24.json.gz profit=27098291 status=timeout
2026-05-28 07:18:57,131 INFO run_final_experiments | final progress 188/210 elapsed=1130.1s solver=hld instance=uncorrelated/N100000_M20/mckp_N100000_M20_uncorrelated_f0.500_seed25.json.gz profit=22308186 status=timeout
2026-05-28 07:18:58,005 INFO run_final_experiments | final progress 189/210 elapsed=1131.0s solver=hld instance=uncorrelated/N100000_M20/mckp_N100000_M20_uncorrelated_f0.500_seed29.json.gz profit=28692628 status=timeout
2026-05-28 07:18:58,187 INFO run_final_experiments | final progress 190/210 elapsed=1131.2s solver=hld instance=uncorrelated/N100000_M20/mckp_N100000_M20_uncorrelated_f0.500_seed26.json.gz profit=17540310 status=timeout
2026-05-28 07:18:58,476 INFO run_final_experiments | final progress 191/210 elapsed=1131.4s solver=hld instance=uncorrelated/N100000_M20/mckp_N100000_M20_uncorrelated_f0.500_seed27.json.gz profit=17544209 status=timeout
2026-05-28 07:18:58,559 INFO run_final_experiments | final progress 192/210 elapsed=1131.5s solver=hld instance=uncorrelated/N100000_M20/mckp_N100000_M20_uncorrelated_f0.500_seed28.json.gz profit=19146335 status=timeout
2026-05-28 07:19:08,293 INFO run_final_experiments | final progress 193/210 elapsed=1141.3s solver=hld instance=uncorrelated/N100000_M20/mckp_N100000_M20_uncorrelated_f0.500_seed3.json.gz profit=35074363 status=timeout
2026-05-28 07:19:11,595 INFO run_final_experiments | final progress 194/210 elapsed=1144.6s solver=hld instance=uncorrelated/N100000_M20/mckp_N100000_M20_uncorrelated_f0.500_seed30.json.gz profit=20709575 status=timeout
2026-05-28 07:19:36,435 INFO run_final_experiments | final progress 195/210 elapsed=1169.4s solver=hld instance=uncorrelated/N100000_M20/mckp_N100000_M20_uncorrelated_f0.500_seed31.json.gz profit=21995701 status=timeout
2026-05-28 07:19:47,468 INFO run_final_experiments | final progress 196/210 elapsed=1180.4s solver=hld instance=uncorrelated/N100000_M20/mckp_N100000_M20_uncorrelated_f0.500_seed34.json.gz profit=28677298 status=timeout
2026-05-28 07:19:48,006 INFO run_final_experiments | final progress 197/210 elapsed=1181.0s solver=hld instance=uncorrelated/N100000_M20/mckp_N100000_M20_uncorrelated_f0.500_seed33.json.gz profit=20722058 status=timeout
2026-05-28 07:19:53,006 INFO run_final_experiments | final progress 198/210 elapsed=1186.0s solver=hld instance=uncorrelated/N100000_M20/mckp_N100000_M20_uncorrelated_f0.500_seed35.json.gz profit=30286568 status=timeout
2026-05-28 07:19:57,225 INFO run_final_experiments | final progress 199/210 elapsed=1190.2s solver=hld instance=uncorrelated/N100000_M20/mckp_N100000_M20_uncorrelated_f0.500_seed39.json.gz profit=26666364 status=timeout
2026-05-28 07:20:02,487 INFO run_final_experiments | final progress 200/210 elapsed=1195.5s solver=hld instance=uncorrelated/N100000_M20/mckp_N100000_M20_uncorrelated_f0.500_seed4.json.gz profit=15933057 status=timeout
2026-05-28 07:20:02,731 INFO run_final_experiments | final progress 201/210 elapsed=1195.7s solver=hld instance=uncorrelated/N100000_M20/mckp_N100000_M20_uncorrelated_f0.500_seed44.json.gz profit=37918500 status=timeout
2026-05-28 07:20:03,319 INFO run_final_experiments | final progress 202/210 elapsed=1196.3s solver=hld instance=uncorrelated/N100000_M20/mckp_N100000_M20_uncorrelated_f0.500_seed43.json.gz profit=23926195 status=timeout
2026-05-28 07:20:03,689 INFO run_final_experiments | final progress 203/210 elapsed=1196.7s solver=hld instance=uncorrelated/N100000_M20/mckp_N100000_M20_uncorrelated_f0.500_seed41.json.gz profit=25484069 status=timeout
2026-05-28 07:20:04,049 INFO run_final_experiments | final progress 204/210 elapsed=1197.0s solver=hld instance=uncorrelated/N100000_M20/mckp_N100000_M20_uncorrelated_f0.500_seed42.json.gz profit=11170302 status=timeout
2026-05-28 07:20:12,453 INFO run_final_experiments | final progress 205/210 elapsed=1205.4s solver=hld instance=uncorrelated/N100000_M20/mckp_N100000_M20_uncorrelated_f0.500_seed45.json.gz profit=30278802 status=timeout
2026-05-28 07:20:15,946 INFO run_final_experiments | final progress 206/210 elapsed=1208.9s solver=hld instance=uncorrelated/N100000_M20/mckp_N100000_M20_uncorrelated_f0.500_seed46.json.gz profit=31877707 status=timeout
2026-05-28 07:20:39,791 INFO run_final_experiments | final progress 207/210 elapsed=1232.8s solver=hld instance=uncorrelated/N100000_M20/mckp_N100000_M20_uncorrelated_f0.500_seed47.json.gz profit=41453144 status=timeout
2026-05-28 07:20:50,969 INFO run_final_experiments | final progress 208/210 elapsed=1243.9s solver=hld instance=uncorrelated/N100000_M20/mckp_N100000_M20_uncorrelated_f0.500_seed48.json.gz profit=36648375 status=timeout
2026-05-28 07:20:51,332 INFO run_final_experiments | final progress 209/210 elapsed=1244.3s solver=hld instance=uncorrelated/N100000_M20/mckp_N100000_M20_uncorrelated_f0.500_seed5.json.gz profit=39864705 status=timeout
2026-05-28 07:20:56,376 INFO run_final_experiments | final progress 210/210 elapsed=1249.3s solver=hld instance=uncorrelated/N100000_M20/mckp_N100000_M20_uncorrelated_f0.500_seed7.json.gz profit=38252947 status=timeout
2026-05-28 07:20:56,376 INFO run_final_experiments | Wrote final experiment rows to results/class_ordering/adversarial.csv
