2026-05-27 22:56:47,811 INFO run_final_experiments | Final experiments: 210 planned rows (0 already complete)
archive: instances
manifest: instances/MANIFEST.json
config: configs/hld_smac_best.json
out_csv: results/class_ordering/random.csv
subset: test
solvers: hld
selected_cells: 6
cell: 100000,20,inversely_strongly,0.5
cell: 100000,20,strongly,0.5
cell: 100000,20,uncorrelated,0.5
cell: 100000,10,strongly,0.5
cell: 100000,5,strongly,0.75
cell: 100000,10,inversely_strongly,0.1
eligible_instances: 210
jobs: 12
highs_threads: 1
class_ordering: random
time_limit_s: 60.0
2026-05-27 22:57:50,867 INFO run_final_experiments | final progress 1/210 elapsed=63.1s solver=hld instance=inversely_strongly/N100000_M10/mckp_N100000_M10_inversely_strongly_f0.100_seed2.json.gz profit=1240585 status=timeout
2026-05-27 22:57:50,925 INFO run_final_experiments | final progress 2/210 elapsed=63.1s solver=hld instance=inversely_strongly/N100000_M10/mckp_N100000_M10_inversely_strongly_f0.100_seed17.json.gz profit=1375736 status=timeout
2026-05-27 22:57:50,951 INFO run_final_experiments | final progress 3/210 elapsed=63.1s solver=hld instance=inversely_strongly/N100000_M10/mckp_N100000_M10_inversely_strongly_f0.100_seed20.json.gz profit=1131703 status=timeout
2026-05-27 22:57:51,596 INFO run_final_experiments | final progress 4/210 elapsed=63.8s solver=hld instance=inversely_strongly/N100000_M10/mckp_N100000_M10_inversely_strongly_f0.100_seed19.json.gz profit=96771 status=timeout
2026-05-27 22:57:51,610 INFO run_final_experiments | final progress 5/210 elapsed=63.8s solver=hld instance=inversely_strongly/N100000_M10/mckp_N100000_M10_inversely_strongly_f0.100_seed13.json.gz profit=102869 status=timeout
2026-05-27 22:57:51,675 INFO run_final_experiments | final progress 6/210 elapsed=63.9s solver=hld instance=inversely_strongly/N100000_M10/mckp_N100000_M10_inversely_strongly_f0.100_seed14.json.gz profit=94035 status=timeout
2026-05-27 22:57:51,691 INFO run_final_experiments | final progress 7/210 elapsed=63.9s solver=hld instance=inversely_strongly/N100000_M10/mckp_N100000_M10_inversely_strongly_f0.100_seed1.json.gz profit=87014 status=timeout
2026-05-27 22:57:51,721 INFO run_final_experiments | final progress 8/210 elapsed=63.9s solver=hld instance=inversely_strongly/N100000_M10/mckp_N100000_M10_inversely_strongly_f0.100_seed10.json.gz profit=197401 status=timeout
2026-05-27 22:57:51,749 INFO run_final_experiments | final progress 9/210 elapsed=63.9s solver=hld instance=inversely_strongly/N100000_M10/mckp_N100000_M10_inversely_strongly_f0.100_seed12.json.gz profit=100023 status=timeout
2026-05-27 22:57:51,866 INFO run_final_experiments | final progress 10/210 elapsed=64.1s solver=hld instance=inversely_strongly/N100000_M10/mckp_N100000_M10_inversely_strongly_f0.100_seed15.json.gz profit=111802 status=timeout
2026-05-27 22:57:51,884 INFO run_final_experiments | final progress 11/210 elapsed=64.1s solver=hld instance=inversely_strongly/N100000_M10/mckp_N100000_M10_inversely_strongly_f0.100_seed16.json.gz profit=220559 status=timeout
2026-05-27 22:57:52,226 INFO run_final_experiments | final progress 12/210 elapsed=64.4s solver=hld instance=inversely_strongly/N100000_M10/mckp_N100000_M10_inversely_strongly_f0.100_seed0.json.gz profit=225228 status=timeout
2026-05-27 22:58:54,307 INFO run_final_experiments | final progress 13/210 elapsed=126.5s solver=hld instance=inversely_strongly/N100000_M10/mckp_N100000_M10_inversely_strongly_f0.100_seed22.json.gz profit=90996 status=timeout
2026-05-27 22:58:54,323 INFO run_final_experiments | final progress 14/210 elapsed=126.5s solver=hld instance=inversely_strongly/N100000_M10/mckp_N100000_M10_inversely_strongly_f0.100_seed23.json.gz profit=217329 status=timeout
2026-05-27 22:58:54,905 INFO run_final_experiments | final progress 15/210 elapsed=127.1s solver=hld instance=inversely_strongly/N100000_M10/mckp_N100000_M10_inversely_strongly_f0.100_seed32.json.gz profit=817717 status=timeout
2026-05-27 22:58:54,958 INFO run_final_experiments | final progress 16/210 elapsed=127.1s solver=hld instance=inversely_strongly/N100000_M10/mckp_N100000_M10_inversely_strongly_f0.100_seed24.json.gz profit=96923 status=timeout
<path>/knapsack-hld/.venv/lib/python3.14/site-packages/joblib/externals/loky/process_executor.py:782: UserWarning: A worker stopped while some jobs were given to the executor. This can be caused by a too short worker timeout or by a memory leak.
  warnings.warn(
2026-05-27 22:58:55,039 INFO run_final_experiments | final progress 17/210 elapsed=127.2s solver=hld instance=inversely_strongly/N100000_M10/mckp_N100000_M10_inversely_strongly_f0.100_seed26.json.gz profit=312105 status=timeout
2026-05-27 22:58:55,040 INFO run_final_experiments | final progress 18/210 elapsed=127.2s solver=hld instance=inversely_strongly/N100000_M10/mckp_N100000_M10_inversely_strongly_f0.100_seed28.json.gz profit=98183 status=timeout
2026-05-27 22:58:55,188 INFO run_final_experiments | final progress 19/210 elapsed=127.4s solver=hld instance=inversely_strongly/N100000_M10/mckp_N100000_M10_inversely_strongly_f0.100_seed33.json.gz profit=111240 status=timeout
2026-05-27 22:58:55,324 INFO run_final_experiments | final progress 20/210 elapsed=127.5s solver=hld instance=inversely_strongly/N100000_M10/mckp_N100000_M10_inversely_strongly_f0.100_seed34.json.gz profit=230424 status=timeout
2026-05-27 22:58:55,435 INFO run_final_experiments | final progress 21/210 elapsed=127.6s solver=hld instance=inversely_strongly/N100000_M10/mckp_N100000_M10_inversely_strongly_f0.100_seed37.json.gz profit=395961 status=timeout
2026-05-27 22:58:55,451 INFO run_final_experiments | final progress 22/210 elapsed=127.6s solver=hld instance=inversely_strongly/N100000_M10/mckp_N100000_M10_inversely_strongly_f0.100_seed3.json.gz profit=311876 status=timeout
2026-05-27 22:58:55,526 INFO run_final_experiments | final progress 23/210 elapsed=127.7s solver=hld instance=inversely_strongly/N100000_M10/mckp_N100000_M10_inversely_strongly_f0.100_seed36.json.gz profit=87974 status=timeout
2026-05-27 22:58:55,626 INFO run_final_experiments | final progress 24/210 elapsed=127.8s solver=hld instance=inversely_strongly/N100000_M10/mckp_N100000_M10_inversely_strongly_f0.100_seed35.json.gz profit=108076 status=timeout
2026-05-27 22:59:35,635 INFO run_final_experiments | final progress 25/210 elapsed=167.8s solver=hld instance=inversely_strongly/N100000_M10/mckp_N100000_M10_inversely_strongly_f0.100_seed6.json.gz profit=5937061 status=feasible
2026-05-27 22:59:57,869 INFO run_final_experiments | final progress 26/210 elapsed=190.1s solver=hld instance=inversely_strongly/N100000_M10/mckp_N100000_M10_inversely_strongly_f0.100_seed38.json.gz profit=96953 status=timeout
2026-05-27 22:59:57,950 INFO run_final_experiments | final progress 27/210 elapsed=190.1s solver=hld instance=inversely_strongly/N100000_M10/mckp_N100000_M10_inversely_strongly_f0.100_seed49.json.gz profit=1833827 status=timeout
2026-05-27 22:59:58,171 INFO run_final_experiments | final progress 28/210 elapsed=190.4s solver=hld instance=inversely_strongly/N100000_M10/mckp_N100000_M10_inversely_strongly_f0.100_seed4.json.gz profit=94989 status=timeout
2026-05-27 22:59:58,508 INFO run_final_experiments | final progress 29/210 elapsed=190.7s solver=hld instance=inversely_strongly/N100000_M10/mckp_N100000_M10_inversely_strongly_f0.100_seed44.json.gz profit=299722 status=timeout
2026-05-27 22:59:58,593 INFO run_final_experiments | final progress 30/210 elapsed=190.8s solver=hld instance=inversely_strongly/N100000_M10/mckp_N100000_M10_inversely_strongly_f0.100_seed40.json.gz profit=99857 status=timeout
2026-05-27 22:59:58,662 INFO run_final_experiments | final progress 31/210 elapsed=190.9s solver=hld instance=inversely_strongly/N100000_M10/mckp_N100000_M10_inversely_strongly_f0.100_seed45.json.gz profit=100057 status=timeout
2026-05-27 22:59:58,883 INFO run_final_experiments | final progress 32/210 elapsed=191.1s solver=hld instance=inversely_strongly/N100000_M10/mckp_N100000_M10_inversely_strongly_f0.100_seed42.json.gz profit=119802 status=timeout
2026-05-27 22:59:58,974 INFO run_final_experiments | final progress 33/210 elapsed=191.2s solver=hld instance=inversely_strongly/N100000_M10/mckp_N100000_M10_inversely_strongly_f0.100_seed5.json.gz profit=93034 status=timeout
2026-05-27 22:59:59,101 INFO run_final_experiments | final progress 34/210 elapsed=191.3s solver=hld instance=inversely_strongly/N100000_M10/mckp_N100000_M10_inversely_strongly_f0.100_seed47.json.gz profit=112926 status=timeout
2026-05-27 22:59:59,352 INFO run_final_experiments | final progress 35/210 elapsed=191.5s solver=hld instance=inversely_strongly/N100000_M10/mckp_N100000_M10_inversely_strongly_f0.100_seed9.json.gz profit=112788 status=timeout
2026-05-27 23:00:02,348 INFO run_final_experiments | final progress 36/210 elapsed=194.5s solver=hld instance=inversely_strongly/N100000_M20/mckp_N100000_M20_inversely_strongly_f0.500_seed1.json.gz profit=1019800 status=timeout
2026-05-27 23:00:42,275 INFO run_final_experiments | final progress 37/210 elapsed=234.5s solver=hld instance=inversely_strongly/N100000_M20/mckp_N100000_M20_inversely_strongly_f0.500_seed10.json.gz profit=517018 status=timeout
2026-05-27 23:01:04,725 INFO run_final_experiments | final progress 38/210 elapsed=256.9s solver=hld instance=inversely_strongly/N100000_M20/mckp_N100000_M20_inversely_strongly_f0.500_seed13.json.gz profit=478430 status=timeout
2026-05-27 23:01:04,767 INFO run_final_experiments | final progress 39/210 elapsed=257.0s solver=hld instance=inversely_strongly/N100000_M20/mckp_N100000_M20_inversely_strongly_f0.500_seed16.json.gz profit=3131879 status=timeout
2026-05-27 23:01:05,112 INFO run_final_experiments | final progress 40/210 elapsed=257.3s solver=hld instance=inversely_strongly/N100000_M20/mckp_N100000_M20_inversely_strongly_f0.500_seed15.json.gz profit=503262 status=timeout
2026-05-27 23:01:05,233 INFO run_final_experiments | final progress 41/210 elapsed=257.4s solver=hld instance=inversely_strongly/N100000_M20/mckp_N100000_M20_inversely_strongly_f0.500_seed17.json.gz profit=1023846 status=timeout
2026-05-27 23:01:05,315 INFO run_final_experiments | final progress 42/210 elapsed=257.5s solver=hld instance=inversely_strongly/N100000_M20/mckp_N100000_M20_inversely_strongly_f0.500_seed2.json.gz profit=1523141 status=timeout
2026-05-27 23:01:05,345 INFO run_final_experiments | final progress 43/210 elapsed=257.5s solver=hld instance=inversely_strongly/N100000_M20/mckp_N100000_M20_inversely_strongly_f0.500_seed11.json.gz profit=501692 status=timeout
2026-05-27 23:01:05,444 INFO run_final_experiments | final progress 44/210 elapsed=257.6s solver=hld instance=inversely_strongly/N100000_M20/mckp_N100000_M20_inversely_strongly_f0.500_seed20.json.gz profit=1518923 status=timeout
2026-05-27 23:01:05,881 INFO run_final_experiments | final progress 45/210 elapsed=258.1s solver=hld instance=inversely_strongly/N100000_M20/mckp_N100000_M20_inversely_strongly_f0.500_seed22.json.gz profit=514088 status=timeout
2026-05-27 23:01:05,997 INFO run_final_experiments | final progress 46/210 elapsed=258.2s solver=hld instance=inversely_strongly/N100000_M20/mckp_N100000_M20_inversely_strongly_f0.500_seed21.json.gz profit=1556504 status=timeout
2026-05-27 23:01:06,060 INFO run_final_experiments | final progress 47/210 elapsed=258.3s solver=hld instance=inversely_strongly/N100000_M20/mckp_N100000_M20_inversely_strongly_f0.500_seed23.json.gz profit=529015 status=timeout
2026-05-27 23:01:09,098 INFO run_final_experiments | final progress 48/210 elapsed=261.3s solver=hld instance=inversely_strongly/N100000_M20/mckp_N100000_M20_inversely_strongly_f0.500_seed25.json.gz profit=526841 status=timeout
2026-05-27 23:01:48,648 INFO run_final_experiments | final progress 49/210 elapsed=300.8s solver=hld instance=inversely_strongly/N100000_M20/mckp_N100000_M20_inversely_strongly_f0.500_seed28.json.gz profit=1016470 status=timeout
2026-05-27 23:02:10,382 INFO run_final_experiments | final progress 50/210 elapsed=322.6s solver=hld instance=inversely_strongly/N100000_M20/mckp_N100000_M20_inversely_strongly_f0.500_seed30.json.gz profit=5049937 status=timeout
2026-05-27 23:02:11,167 INFO run_final_experiments | final progress 51/210 elapsed=323.4s solver=hld instance=inversely_strongly/N100000_M20/mckp_N100000_M20_inversely_strongly_f0.500_seed3.json.gz profit=501285 status=timeout
2026-05-27 23:02:11,263 INFO run_final_experiments | final progress 52/210 elapsed=323.5s solver=hld instance=inversely_strongly/N100000_M20/mckp_N100000_M20_inversely_strongly_f0.500_seed33.json.gz profit=3583000 status=timeout
2026-05-27 23:02:11,576 INFO run_final_experiments | final progress 53/210 elapsed=323.8s solver=hld instance=inversely_strongly/N100000_M20/mckp_N100000_M20_inversely_strongly_f0.500_seed35.json.gz profit=3112824 status=timeout
2026-05-27 23:02:11,798 INFO run_final_experiments | final progress 54/210 elapsed=324.0s solver=hld instance=inversely_strongly/N100000_M20/mckp_N100000_M20_inversely_strongly_f0.500_seed32.json.gz profit=501978 status=timeout
2026-05-27 23:02:12,185 INFO run_final_experiments | final progress 55/210 elapsed=324.4s solver=hld instance=inversely_strongly/N100000_M20/mckp_N100000_M20_inversely_strongly_f0.500_seed39.json.gz profit=2542707 status=timeout
2026-05-27 23:02:12,344 INFO run_final_experiments | final progress 56/210 elapsed=324.5s solver=hld instance=inversely_strongly/N100000_M20/mckp_N100000_M20_inversely_strongly_f0.500_seed31.json.gz profit=1538302 status=timeout
2026-05-27 23:02:12,439 INFO run_final_experiments | final progress 57/210 elapsed=324.6s solver=hld instance=inversely_strongly/N100000_M20/mckp_N100000_M20_inversely_strongly_f0.500_seed37.json.gz profit=1012793 status=timeout
2026-05-27 23:02:12,640 INFO run_final_experiments | final progress 58/210 elapsed=324.8s solver=hld instance=inversely_strongly/N100000_M20/mckp_N100000_M20_inversely_strongly_f0.500_seed40.json.gz profit=505066 status=timeout
2026-05-27 23:02:12,734 INFO run_final_experiments | final progress 59/210 elapsed=324.9s solver=hld instance=inversely_strongly/N100000_M20/mckp_N100000_M20_inversely_strongly_f0.500_seed38.json.gz profit=475771 status=timeout
2026-05-27 23:02:15,579 INFO run_final_experiments | final progress 60/210 elapsed=327.8s solver=hld instance=inversely_strongly/N100000_M20/mckp_N100000_M20_inversely_strongly_f0.500_seed42.json.gz profit=1007150 status=timeout
2026-05-27 23:02:55,126 INFO run_final_experiments | final progress 61/210 elapsed=367.3s solver=hld instance=inversely_strongly/N100000_M20/mckp_N100000_M20_inversely_strongly_f0.500_seed43.json.gz profit=484295 status=timeout
2026-05-27 23:03:16,164 INFO run_final_experiments | final progress 62/210 elapsed=388.4s solver=hld instance=strongly/N100000_M10/mckp_N100000_M10_strongly_f0.500_seed1.json.gz profit=5440130 status=timeout
2026-05-27 23:03:16,830 INFO run_final_experiments | final progress 63/210 elapsed=389.0s solver=hld instance=inversely_strongly/N100000_M20/mckp_N100000_M20_inversely_strongly_f0.500_seed44.json.gz profit=502484 status=timeout
2026-05-27 23:03:17,684 INFO run_final_experiments | final progress 64/210 elapsed=389.9s solver=hld instance=inversely_strongly/N100000_M20/mckp_N100000_M20_inversely_strongly_f0.500_seed47.json.gz profit=3101081 status=timeout
2026-05-27 23:03:17,814 INFO run_final_experiments | final progress 65/210 elapsed=390.0s solver=hld instance=inversely_strongly/N100000_M20/mckp_N100000_M20_inversely_strongly_f0.500_seed45.json.gz profit=1035769 status=timeout
2026-05-27 23:03:18,038 INFO run_final_experiments | final progress 66/210 elapsed=390.2s solver=hld instance=inversely_strongly/N100000_M20/mckp_N100000_M20_inversely_strongly_f0.500_seed48.json.gz profit=489174 status=timeout
2026-05-27 23:03:18,387 INFO run_final_experiments | final progress 67/210 elapsed=390.6s solver=hld instance=inversely_strongly/N100000_M20/mckp_N100000_M20_inversely_strongly_f0.500_seed8.json.gz profit=4120367 status=timeout
2026-05-27 23:03:18,564 INFO run_final_experiments | final progress 68/210 elapsed=390.8s solver=hld instance=inversely_strongly/N100000_M20/mckp_N100000_M20_inversely_strongly_f0.500_seed5.json.gz profit=499377 status=timeout
2026-05-27 23:03:18,716 INFO run_final_experiments | final progress 69/210 elapsed=390.9s solver=hld instance=inversely_strongly/N100000_M20/mckp_N100000_M20_inversely_strongly_f0.500_seed6.json.gz profit=1563947 status=timeout
2026-05-27 23:03:18,868 INFO run_final_experiments | final progress 70/210 elapsed=391.1s solver=hld instance=strongly/N100000_M10/mckp_N100000_M10_strongly_f0.500_seed11.json.gz profit=6059351 status=timeout
2026-05-27 23:03:18,953 INFO run_final_experiments | final progress 71/210 elapsed=391.1s solver=hld instance=inversely_strongly/N100000_M20/mckp_N100000_M20_inversely_strongly_f0.500_seed7.json.gz profit=508338 status=timeout
2026-05-27 23:03:19,403 INFO run_final_experiments | final progress 72/210 elapsed=391.6s solver=hld instance=inversely_strongly/N100000_M20/mckp_N100000_M20_inversely_strongly_f0.500_seed9.json.gz profit=511206 status=timeout
2026-05-27 23:03:57,789 INFO run_final_experiments | final progress 73/210 elapsed=430.0s solver=hld instance=strongly/N100000_M10/mckp_N100000_M10_strongly_f0.500_seed12.json.gz profit=8410157 status=timeout
2026-05-27 23:04:20,635 INFO run_final_experiments | final progress 74/210 elapsed=452.8s solver=hld instance=strongly/N100000_M10/mckp_N100000_M10_strongly_f0.500_seed19.json.gz profit=5439036 status=timeout
2026-05-27 23:04:20,995 INFO run_final_experiments | final progress 75/210 elapsed=453.2s solver=hld instance=strongly/N100000_M10/mckp_N100000_M10_strongly_f0.500_seed21.json.gz profit=7821216 status=timeout
2026-05-27 23:04:21,030 INFO run_final_experiments | final progress 76/210 elapsed=453.2s solver=hld instance=strongly/N100000_M10/mckp_N100000_M10_strongly_f0.500_seed20.json.gz profit=8421663 status=timeout
2026-05-27 23:04:21,351 INFO run_final_experiments | final progress 77/210 elapsed=453.5s solver=hld instance=strongly/N100000_M10/mckp_N100000_M10_strongly_f0.500_seed22.json.gz profit=7243865 status=timeout
2026-05-27 23:04:21,892 INFO run_final_experiments | final progress 78/210 elapsed=454.1s solver=hld instance=strongly/N100000_M10/mckp_N100000_M10_strongly_f0.500_seed24.json.gz profit=4806496 status=timeout
2026-05-27 23:04:22,198 INFO run_final_experiments | final progress 79/210 elapsed=454.4s solver=hld instance=strongly/N100000_M10/mckp_N100000_M10_strongly_f0.500_seed27.json.gz profit=8422552 status=timeout
2026-05-27 23:04:22,430 INFO run_final_experiments | final progress 80/210 elapsed=454.6s solver=hld instance=strongly/N100000_M10/mckp_N100000_M10_strongly_f0.500_seed25.json.gz profit=4851790 status=timeout
2026-05-27 23:04:23,377 INFO run_final_experiments | final progress 81/210 elapsed=455.6s solver=hld instance=strongly/N100000_M10/mckp_N100000_M10_strongly_f0.500_seed18.json.gz profit=6052866 status=timeout
2026-05-27 23:04:23,810 INFO run_final_experiments | final progress 82/210 elapsed=456.0s solver=hld instance=strongly/N100000_M10/mckp_N100000_M10_strongly_f0.500_seed23.json.gz profit=5401254 status=timeout
2026-05-27 23:04:25,524 INFO run_final_experiments | final progress 83/210 elapsed=457.7s solver=hld instance=strongly/N100000_M10/mckp_N100000_M10_strongly_f0.500_seed26.json.gz profit=9650187 status=timeout
2026-05-27 23:04:25,723 INFO run_final_experiments | final progress 84/210 elapsed=457.9s solver=hld instance=strongly/N100000_M10/mckp_N100000_M10_strongly_f0.500_seed15.json.gz profit=6011029 status=timeout
2026-05-27 23:05:00,615 INFO run_final_experiments | final progress 85/210 elapsed=492.8s solver=hld instance=strongly/N100000_M10/mckp_N100000_M10_strongly_f0.500_seed28.json.gz profit=7871770 status=timeout
2026-05-27 23:05:23,442 INFO run_final_experiments | final progress 86/210 elapsed=515.6s solver=hld instance=strongly/N100000_M10/mckp_N100000_M10_strongly_f0.500_seed29.json.gz profit=7265532 status=timeout
2026-05-27 23:05:23,802 INFO run_final_experiments | final progress 87/210 elapsed=516.0s solver=hld instance=strongly/N100000_M10/mckp_N100000_M10_strongly_f0.500_seed30.json.gz profit=6617648 status=timeout
2026-05-27 23:05:25,128 INFO run_final_experiments | final progress 88/210 elapsed=517.3s solver=hld instance=strongly/N100000_M10/mckp_N100000_M10_strongly_f0.500_seed36.json.gz profit=7275025 status=timeout
2026-05-27 23:05:25,923 INFO run_final_experiments | final progress 89/210 elapsed=518.1s solver=hld instance=strongly/N100000_M10/mckp_N100000_M10_strongly_f0.500_seed37.json.gz profit=7261038 status=timeout
2026-05-27 23:05:26,162 INFO run_final_experiments | final progress 90/210 elapsed=518.4s solver=hld instance=strongly/N100000_M10/mckp_N100000_M10_strongly_f0.500_seed4.json.gz profit=6642648 status=timeout
2026-05-27 23:05:26,675 INFO run_final_experiments | final progress 91/210 elapsed=518.9s solver=hld instance=strongly/N100000_M10/mckp_N100000_M10_strongly_f0.500_seed40.json.gz profit=6944386 status=timeout
2026-05-27 23:05:29,322 INFO run_final_experiments | final progress 92/210 elapsed=521.5s solver=hld instance=strongly/N100000_M10/mckp_N100000_M10_strongly_f0.500_seed33.json.gz profit=6089982 status=timeout
2026-05-27 23:05:29,496 INFO run_final_experiments | final progress 93/210 elapsed=521.7s solver=hld instance=strongly/N100000_M10/mckp_N100000_M10_strongly_f0.500_seed41.json.gz profit=7247958 status=timeout
2026-05-27 23:05:30,098 INFO run_final_experiments | final progress 94/210 elapsed=522.3s solver=hld instance=strongly/N100000_M10/mckp_N100000_M10_strongly_f0.500_seed42.json.gz profit=9686964 status=timeout
2026-05-27 23:05:31,651 INFO run_final_experiments | final progress 95/210 elapsed=523.8s solver=hld instance=strongly/N100000_M10/mckp_N100000_M10_strongly_f0.500_seed34.json.gz profit=7837856 status=timeout
2026-05-27 23:05:32,435 INFO run_final_experiments | final progress 96/210 elapsed=524.6s solver=hld instance=strongly/N100000_M10/mckp_N100000_M10_strongly_f0.500_seed39.json.gz profit=6088661 status=timeout
2026-05-27 23:06:04,056 INFO run_final_experiments | final progress 97/210 elapsed=556.2s solver=hld instance=strongly/N100000_M10/mckp_N100000_M10_strongly_f0.500_seed43.json.gz profit=6031926 status=timeout
2026-05-27 23:06:26,633 INFO run_final_experiments | final progress 98/210 elapsed=578.8s solver=hld instance=strongly/N100000_M10/mckp_N100000_M10_strongly_f0.500_seed45.json.gz profit=6652377 status=timeout
2026-05-27 23:06:27,629 INFO run_final_experiments | final progress 99/210 elapsed=579.8s solver=hld instance=strongly/N100000_M10/mckp_N100000_M10_strongly_f0.500_seed47.json.gz profit=9958406 status=timeout
2026-05-27 23:06:29,597 INFO run_final_experiments | final progress 100/210 elapsed=581.8s solver=hld instance=strongly/N100000_M10/mckp_N100000_M10_strongly_f0.500_seed49.json.gz profit=4834994 status=timeout
2026-05-27 23:06:29,913 INFO run_final_experiments | final progress 101/210 elapsed=582.1s solver=hld instance=strongly/N100000_M10/mckp_N100000_M10_strongly_f0.500_seed5.json.gz profit=5396543 status=timeout
2026-05-27 23:06:32,077 INFO run_final_experiments | final progress 102/210 elapsed=584.3s solver=hld instance=strongly/N100000_M10/mckp_N100000_M10_strongly_f0.500_seed8.json.gz profit=7846801 status=timeout
2026-05-27 23:06:32,432 INFO run_final_experiments | final progress 103/210 elapsed=584.6s solver=hld instance=strongly/N100000_M10/mckp_N100000_M10_strongly_f0.500_seed9.json.gz profit=8466128 status=timeout
2026-05-27 23:06:32,710 INFO run_final_experiments | final progress 104/210 elapsed=584.9s solver=hld instance=strongly/N100000_M10/mckp_N100000_M10_strongly_f0.500_seed7.json.gz profit=6678510 status=timeout
2026-05-27 23:06:32,812 INFO run_final_experiments | final progress 105/210 elapsed=585.0s solver=hld instance=strongly/N100000_M10/mckp_N100000_M10_strongly_f0.500_seed46.json.gz profit=7226765 status=timeout
2026-05-27 23:06:36,225 INFO run_final_experiments | final progress 106/210 elapsed=588.4s solver=hld instance=strongly/N100000_M20/mckp_N100000_M20_strongly_f0.500_seed0.json.gz profit=3611221 status=timeout
2026-05-27 23:06:38,894 INFO run_final_experiments | final progress 107/210 elapsed=591.1s solver=hld instance=strongly/N100000_M20/mckp_N100000_M20_strongly_f0.500_seed12.json.gz profit=5474589 status=timeout
2026-05-27 23:06:39,643 INFO run_final_experiments | final progress 108/210 elapsed=591.8s solver=hld instance=strongly/N100000_M20/mckp_N100000_M20_strongly_f0.500_seed11.json.gz profit=6033170 status=timeout
2026-05-27 23:07:12,473 INFO run_final_experiments | final progress 109/210 elapsed=624.7s solver=hld instance=strongly/N100000_M20/mckp_N100000_M20_strongly_f0.500_seed14.json.gz profit=4245761 status=timeout
2026-05-27 23:07:33,984 INFO run_final_experiments | final progress 110/210 elapsed=646.2s solver=hld instance=strongly/N100000_M20/mckp_N100000_M20_strongly_f0.500_seed15.json.gz profit=4214555 status=timeout
2026-05-27 23:07:35,017 INFO run_final_experiments | final progress 111/210 elapsed=647.2s solver=hld instance=strongly/N100000_M20/mckp_N100000_M20_strongly_f0.500_seed16.json.gz profit=4856231 status=timeout
2026-05-27 23:07:35,551 INFO run_final_experiments | final progress 112/210 elapsed=647.7s solver=hld instance=strongly/N100000_M20/mckp_N100000_M20_strongly_f0.500_seed17.json.gz profit=4237607 status=timeout
2026-05-27 23:07:37,542 INFO run_final_experiments | final progress 113/210 elapsed=649.7s solver=hld instance=strongly/N100000_M20/mckp_N100000_M20_strongly_f0.500_seed18.json.gz profit=3080183 status=timeout
2026-05-27 23:07:38,122 INFO run_final_experiments | final progress 114/210 elapsed=650.3s solver=hld instance=strongly/N100000_M20/mckp_N100000_M20_strongly_f0.500_seed19.json.gz profit=5790958 status=timeout
2026-05-27 23:07:38,848 INFO run_final_experiments | final progress 115/210 elapsed=651.0s solver=hld instance=strongly/N100000_M20/mckp_N100000_M20_strongly_f0.500_seed20.json.gz profit=4540605 status=timeout
2026-05-27 23:07:39,227 INFO run_final_experiments | final progress 116/210 elapsed=651.4s solver=hld instance=strongly/N100000_M20/mckp_N100000_M20_strongly_f0.500_seed21.json.gz profit=2420167 status=timeout
2026-05-27 23:07:40,061 INFO run_final_experiments | final progress 117/210 elapsed=652.3s solver=hld instance=strongly/N100000_M20/mckp_N100000_M20_strongly_f0.500_seed2.json.gz profit=4814545 status=timeout
2026-05-27 23:07:41,985 INFO run_final_experiments | final progress 118/210 elapsed=654.2s solver=hld instance=strongly/N100000_M20/mckp_N100000_M20_strongly_f0.500_seed22.json.gz profit=4842359 status=timeout
2026-05-27 23:07:46,222 INFO run_final_experiments | final progress 119/210 elapsed=658.4s solver=hld instance=strongly/N100000_M20/mckp_N100000_M20_strongly_f0.500_seed24.json.gz profit=5426881 status=timeout
2026-05-27 23:07:46,579 INFO run_final_experiments | final progress 120/210 elapsed=658.8s solver=hld instance=strongly/N100000_M20/mckp_N100000_M20_strongly_f0.500_seed23.json.gz profit=4852925 status=timeout
2026-05-27 23:08:18,347 INFO run_final_experiments | final progress 121/210 elapsed=690.5s solver=hld instance=strongly/N100000_M20/mckp_N100000_M20_strongly_f0.500_seed28.json.gz profit=3617506 status=timeout
2026-05-27 23:08:40,067 INFO run_final_experiments | final progress 122/210 elapsed=712.3s solver=hld instance=strongly/N100000_M20/mckp_N100000_M20_strongly_f0.500_seed29.json.gz profit=4285595 status=timeout
2026-05-27 23:08:41,225 INFO run_final_experiments | final progress 123/210 elapsed=713.4s solver=hld instance=strongly/N100000_M20/mckp_N100000_M20_strongly_f0.500_seed31.json.gz profit=6034455 status=timeout
2026-05-27 23:08:42,836 INFO run_final_experiments | final progress 124/210 elapsed=715.0s solver=hld instance=strongly/N100000_M20/mckp_N100000_M20_strongly_f0.500_seed3.json.gz profit=4841993 status=timeout
2026-05-27 23:08:43,460 INFO run_final_experiments | final progress 125/210 elapsed=715.7s solver=hld instance=strongly/N100000_M20/mckp_N100000_M20_strongly_f0.500_seed32.json.gz profit=4249323 status=timeout
2026-05-27 23:08:44,205 INFO run_final_experiments | final progress 126/210 elapsed=716.4s solver=hld instance=strongly/N100000_M20/mckp_N100000_M20_strongly_f0.500_seed34.json.gz profit=4810122 status=timeout
2026-05-27 23:08:45,681 INFO run_final_experiments | final progress 127/210 elapsed=717.9s solver=hld instance=strongly/N100000_M20/mckp_N100000_M20_strongly_f0.500_seed36.json.gz profit=3655564 status=timeout
2026-05-27 23:08:46,102 INFO run_final_experiments | final progress 128/210 elapsed=718.3s solver=hld instance=strongly/N100000_M20/mckp_N100000_M20_strongly_f0.500_seed37.json.gz profit=4226056 status=timeout
2026-05-27 23:08:47,130 INFO run_final_experiments | final progress 129/210 elapsed=719.3s solver=hld instance=strongly/N100000_M20/mckp_N100000_M20_strongly_f0.500_seed35.json.gz profit=5476160 status=timeout
2026-05-27 23:08:48,139 INFO run_final_experiments | final progress 130/210 elapsed=720.3s solver=hld instance=strongly/N100000_M20/mckp_N100000_M20_strongly_f0.500_seed39.json.gz profit=3630657 status=timeout
2026-05-27 23:08:52,848 INFO run_final_experiments | final progress 131/210 elapsed=725.0s solver=hld instance=strongly/N100000_M20/mckp_N100000_M20_strongly_f0.500_seed40.json.gz profit=3011979 status=timeout
2026-05-27 23:08:54,346 INFO run_final_experiments | final progress 132/210 elapsed=726.5s solver=hld instance=strongly/N100000_M20/mckp_N100000_M20_strongly_f0.500_seed4.json.gz profit=6093547 status=timeout
2026-05-27 23:09:27,778 INFO run_final_experiments | final progress 133/210 elapsed=760.0s solver=hld instance=strongly/N100000_M20/mckp_N100000_M20_strongly_f0.500_seed42.json.gz profit=3653384 status=timeout
2026-05-27 23:09:46,051 INFO run_final_experiments | final progress 134/210 elapsed=778.2s solver=hld instance=strongly/N100000_M20/mckp_N100000_M20_strongly_f0.500_seed46.json.gz profit=3596865 status=timeout
2026-05-27 23:09:47,298 INFO run_final_experiments | final progress 135/210 elapsed=779.5s solver=hld instance=strongly/N100000_M20/mckp_N100000_M20_strongly_f0.500_seed47.json.gz profit=3950572 status=timeout
2026-05-27 23:09:48,261 INFO run_final_experiments | final progress 136/210 elapsed=780.5s solver=hld instance=strongly/N100000_M20/mckp_N100000_M20_strongly_f0.500_seed48.json.gz profit=6104491 status=timeout
2026-05-27 23:09:48,814 INFO run_final_experiments | final progress 137/210 elapsed=781.0s solver=hld instance=strongly/N100000_M5/mckp_N100000_M5_strongly_f0.750_seed0.json.gz profit=12332926 status=timeout
2026-05-27 23:09:48,987 INFO run_final_experiments | final progress 138/210 elapsed=781.2s solver=hld instance=strongly/N100000_M20/mckp_N100000_M20_strongly_f0.500_seed49.json.gz profit=5180266 status=timeout
2026-05-27 23:09:50,000 INFO run_final_experiments | final progress 139/210 elapsed=782.2s solver=hld instance=strongly/N100000_M20/mckp_N100000_M20_strongly_f0.500_seed5.json.gz profit=4889626 status=timeout
2026-05-27 23:09:50,167 INFO run_final_experiments | final progress 140/210 elapsed=782.4s solver=hld instance=strongly/N100000_M5/mckp_N100000_M5_strongly_f0.750_seed1.json.gz profit=13059650 status=timeout
2026-05-27 23:09:52,023 INFO run_final_experiments | final progress 141/210 elapsed=784.2s solver=hld instance=strongly/N100000_M20/mckp_N100000_M20_strongly_f0.500_seed9.json.gz profit=3665652 status=timeout
2026-05-27 23:09:54,396 INFO run_final_experiments | final progress 142/210 elapsed=786.6s solver=hld instance=strongly/N100000_M5/mckp_N100000_M5_strongly_f0.750_seed11.json.gz profit=14775561 status=timeout
2026-05-27 23:09:54,832 INFO run_final_experiments | final progress 143/210 elapsed=787.0s solver=hld instance=strongly/N100000_M20/mckp_N100000_M20_strongly_f0.500_seed6.json.gz profit=4234099 status=timeout
2026-05-27 23:09:57,327 INFO run_final_experiments | final progress 144/210 elapsed=789.5s solver=hld instance=strongly/N100000_M5/mckp_N100000_M5_strongly_f0.750_seed13.json.gz profit=24578263 status=timeout
2026-05-27 23:10:29,355 INFO run_final_experiments | final progress 145/210 elapsed=821.6s solver=hld instance=strongly/N100000_M5/mckp_N100000_M5_strongly_f0.750_seed15.json.gz profit=14715218 status=timeout
2026-05-27 23:10:48,326 INFO run_final_experiments | final progress 146/210 elapsed=840.5s solver=hld instance=strongly/N100000_M5/mckp_N100000_M5_strongly_f0.750_seed16.json.gz profit=27087260 status=timeout
2026-05-27 23:10:48,531 INFO run_final_experiments | final progress 147/210 elapsed=840.7s solver=hld instance=strongly/N100000_M5/mckp_N100000_M5_strongly_f0.750_seed17.json.gz profit=20439233 status=timeout
2026-05-27 23:10:49,511 INFO run_final_experiments | final progress 148/210 elapsed=841.7s solver=hld instance=strongly/N100000_M5/mckp_N100000_M5_strongly_f0.750_seed19.json.gz profit=17924623 status=timeout
2026-05-27 23:10:49,895 INFO run_final_experiments | final progress 149/210 elapsed=842.1s solver=hld instance=strongly/N100000_M5/mckp_N100000_M5_strongly_f0.750_seed21.json.gz profit=27761734 status=timeout
2026-05-27 23:10:51,444 INFO run_final_experiments | final progress 150/210 elapsed=843.6s solver=hld instance=strongly/N100000_M5/mckp_N100000_M5_strongly_f0.750_seed22.json.gz profit=26281363 status=timeout
2026-05-27 23:10:51,924 INFO run_final_experiments | final progress 151/210 elapsed=844.1s solver=hld instance=strongly/N100000_M5/mckp_N100000_M5_strongly_f0.750_seed23.json.gz profit=17163042 status=timeout
2026-05-27 23:10:52,636 INFO run_final_experiments | final progress 152/210 elapsed=844.8s solver=hld instance=strongly/N100000_M5/mckp_N100000_M5_strongly_f0.750_seed2.json.gz profit=18834164 status=timeout
2026-05-27 23:10:55,435 INFO run_final_experiments | final progress 153/210 elapsed=847.6s solver=hld instance=strongly/N100000_M5/mckp_N100000_M5_strongly_f0.750_seed28.json.gz profit=25402549 status=timeout
2026-05-27 23:10:56,188 INFO run_final_experiments | final progress 154/210 elapsed=848.4s solver=hld instance=strongly/N100000_M5/mckp_N100000_M5_strongly_f0.750_seed25.json.gz profit=22956466 status=timeout
2026-05-27 23:10:57,060 INFO run_final_experiments | final progress 155/210 elapsed=849.3s solver=hld instance=strongly/N100000_M5/mckp_N100000_M5_strongly_f0.750_seed29.json.gz profit=19658490 status=timeout
2026-05-27 23:10:59,280 INFO run_final_experiments | final progress 156/210 elapsed=851.5s solver=hld instance=strongly/N100000_M5/mckp_N100000_M5_strongly_f0.750_seed3.json.gz profit=15549983 status=timeout
2026-05-27 23:11:30,613 INFO run_final_experiments | final progress 157/210 elapsed=882.8s solver=hld instance=strongly/N100000_M5/mckp_N100000_M5_strongly_f0.750_seed30.json.gz profit=18838627 status=timeout
2026-05-27 23:11:49,467 INFO run_final_experiments | final progress 158/210 elapsed=901.7s solver=hld instance=strongly/N100000_M5/mckp_N100000_M5_strongly_f0.750_seed31.json.gz profit=22116400 status=timeout
2026-05-27 23:11:50,098 INFO run_final_experiments | final progress 159/210 elapsed=902.3s solver=hld instance=strongly/N100000_M5/mckp_N100000_M5_strongly_f0.750_seed32.json.gz profit=24640240 status=timeout
2026-05-27 23:11:51,200 INFO run_final_experiments | final progress 160/210 elapsed=903.4s solver=hld instance=strongly/N100000_M5/mckp_N100000_M5_strongly_f0.750_seed33.json.gz profit=24614582 status=timeout
2026-05-27 23:11:51,267 INFO run_final_experiments | final progress 161/210 elapsed=903.5s solver=hld instance=strongly/N100000_M5/mckp_N100000_M5_strongly_f0.750_seed34.json.gz profit=18884470 status=timeout
2026-05-27 23:11:53,236 INFO run_final_experiments | final progress 162/210 elapsed=905.4s solver=hld instance=strongly/N100000_M5/mckp_N100000_M5_strongly_f0.750_seed35.json.gz profit=23020932 status=timeout
2026-05-27 23:28:18,016 INFO run_final_experiments | final progress 163/210 elapsed=907.8s solver=hld instance=strongly/N100000_M5/mckp_N100000_M5_strongly_f0.750_seed38.json.gz profit=23704624 status=timeout
2026-05-27 23:28:19,188 INFO run_final_experiments | final progress 164/210 elapsed=909.0s solver=hld instance=strongly/N100000_M5/mckp_N100000_M5_strongly_f0.750_seed4.json.gz profit=17221554 status=timeout
2026-05-27 23:28:19,992 INFO run_final_experiments | final progress 165/210 elapsed=909.8s solver=hld instance=strongly/N100000_M5/mckp_N100000_M5_strongly_f0.750_seed39.json.gz profit=17155055 status=timeout
2026-05-27 23:28:20,582 INFO run_final_experiments | final progress 166/210 elapsed=910.4s solver=hld instance=strongly/N100000_M5/mckp_N100000_M5_strongly_f0.750_seed42.json.gz profit=20487766 status=timeout
2026-05-27 23:28:22,089 INFO run_final_experiments | final progress 167/210 elapsed=911.9s solver=hld instance=strongly/N100000_M5/mckp_N100000_M5_strongly_f0.750_seed40.json.gz profit=23867577 status=timeout
2026-05-27 23:43:57,878 INFO run_final_experiments | final progress 168/210 elapsed=920.5s solver=hld instance=strongly/N100000_M5/mckp_N100000_M5_strongly_f0.750_seed45.json.gz profit=14809390 status=timeout
2026-05-27 23:44:23,134 INFO run_final_experiments | final progress 169/210 elapsed=945.7s solver=hld instance=strongly/N100000_M5/mckp_N100000_M5_strongly_f0.750_seed46.json.gz profit=17211115 status=timeout
2026-05-28 00:00:58,677 INFO run_final_experiments | final progress 170/210 elapsed=966.7s solver=hld instance=strongly/N100000_M5/mckp_N100000_M5_strongly_f0.750_seed7.json.gz profit=14433052 status=timeout
2026-05-28 00:00:58,708 INFO run_final_experiments | final progress 171/210 elapsed=966.7s solver=hld instance=strongly/N100000_M5/mckp_N100000_M5_strongly_f0.750_seed48.json.gz profit=7379323 status=timeout
2026-05-28 00:01:00,045 INFO run_final_experiments | final progress 172/210 elapsed=968.0s solver=hld instance=strongly/N100000_M5/mckp_N100000_M5_strongly_f0.750_seed49.json.gz profit=11165812 status=timeout
2026-05-28 00:01:00,809 INFO run_final_experiments | final progress 173/210 elapsed=968.8s solver=hld instance=strongly/N100000_M5/mckp_N100000_M5_strongly_f0.750_seed8.json.gz profit=8193288 status=timeout
2026-05-28 00:01:00,851 INFO run_final_experiments | final progress 174/210 elapsed=968.8s solver=hld instance=strongly/N100000_M5/mckp_N100000_M5_strongly_f0.750_seed6.json.gz profit=7404624 status=timeout
2026-05-28 00:01:03,458 INFO run_final_experiments | final progress 175/210 elapsed=971.4s solver=hld instance=strongly/N100000_M5/mckp_N100000_M5_strongly_f0.750_seed9.json.gz profit=7835759 status=timeout
2026-05-28 00:01:13,649 INFO run_final_experiments | final progress 176/210 elapsed=981.6s solver=hld instance=uncorrelated/N100000_M20/mckp_N100000_M20_uncorrelated_f0.500_seed1.json.gz profit=11155165 status=timeout
2026-05-28 00:01:14,040 INFO run_final_experiments | final progress 177/210 elapsed=982.0s solver=hld instance=uncorrelated/N100000_M20/mckp_N100000_M20_uncorrelated_f0.500_seed10.json.gz profit=12770098 status=timeout
2026-05-28 00:01:14,637 INFO run_final_experiments | final progress 178/210 elapsed=982.6s solver=hld instance=uncorrelated/N100000_M20/mckp_N100000_M20_uncorrelated_f0.500_seed11.json.gz profit=11160378 status=timeout
2026-05-28 00:01:19,029 INFO run_final_experiments | final progress 179/210 elapsed=987.0s solver=hld instance=uncorrelated/N100000_M20/mckp_N100000_M20_uncorrelated_f0.500_seed12.json.gz profit=9579460 status=timeout
2026-05-28 00:10:22,713 INFO run_final_experiments | final progress 180/210 elapsed=1002.8s solver=hld instance=uncorrelated/N100000_M20/mckp_N100000_M20_uncorrelated_f0.500_seed13.json.gz profit=9566908 status=timeout
2026-05-28 00:10:39,497 INFO run_final_experiments | final progress 181/210 elapsed=1019.6s solver=hld instance=uncorrelated/N100000_M20/mckp_N100000_M20_uncorrelated_f0.500_seed15.json.gz profit=7979945 status=timeout
2026-05-28 00:26:54,733 INFO run_final_experiments | final progress 182/210 elapsed=1041.5s solver=hld instance=uncorrelated/N100000_M20/mckp_N100000_M20_uncorrelated_f0.500_seed16.json.gz profit=12273260 status=timeout
2026-05-28 00:26:55,157 INFO run_final_experiments | final progress 183/210 elapsed=1041.9s solver=hld instance=uncorrelated/N100000_M20/mckp_N100000_M20_uncorrelated_f0.500_seed20.json.gz profit=14345991 status=timeout
2026-05-28 00:26:56,197 INFO run_final_experiments | final progress 184/210 elapsed=1042.9s solver=hld instance=uncorrelated/N100000_M20/mckp_N100000_M20_uncorrelated_f0.500_seed18.json.gz profit=6380311 status=timeout
2026-05-28 00:26:56,239 INFO run_final_experiments | final progress 185/210 elapsed=1043.0s solver=hld instance=uncorrelated/N100000_M20/mckp_N100000_M20_uncorrelated_f0.500_seed22.json.gz profit=12253644 status=timeout
2026-05-28 00:26:58,178 INFO run_final_experiments | final progress 186/210 elapsed=1044.9s solver=hld instance=uncorrelated/N100000_M20/mckp_N100000_M20_uncorrelated_f0.500_seed17.json.gz profit=7964902 status=timeout
2026-05-28 00:26:58,617 INFO run_final_experiments | final progress 187/210 elapsed=1045.3s solver=hld instance=uncorrelated/N100000_M20/mckp_N100000_M20_uncorrelated_f0.500_seed24.json.gz profit=14346193 status=timeout
2026-05-28 00:27:07,616 INFO run_final_experiments | final progress 188/210 elapsed=1054.3s solver=hld instance=uncorrelated/N100000_M20/mckp_N100000_M20_uncorrelated_f0.500_seed25.json.gz profit=13305612 status=timeout
2026-05-28 00:27:07,726 INFO run_final_experiments | final progress 189/210 elapsed=1054.5s solver=hld instance=uncorrelated/N100000_M20/mckp_N100000_M20_uncorrelated_f0.500_seed26.json.gz profit=14148418 status=timeout
2026-05-28 00:27:12,779 INFO run_final_experiments | final progress 190/210 elapsed=1059.5s solver=hld instance=uncorrelated/N100000_M20/mckp_N100000_M20_uncorrelated_f0.500_seed27.json.gz profit=4783463 status=timeout
2026-05-28 00:27:13,856 INFO run_final_experiments | final progress 191/210 elapsed=1060.6s solver=hld instance=uncorrelated/N100000_M20/mckp_N100000_M20_uncorrelated_f0.500_seed28.json.gz profit=9569813 status=timeout
2026-05-28 00:32:38,292 INFO run_final_experiments | final progress 192/210 elapsed=1080.8s solver=hld instance=uncorrelated/N100000_M20/mckp_N100000_M20_uncorrelated_f0.500_seed29.json.gz profit=11166073 status=timeout
2026-05-28 00:32:52,080 INFO run_final_experiments | final progress 193/210 elapsed=1094.6s solver=hld instance=uncorrelated/N100000_M20/mckp_N100000_M20_uncorrelated_f0.500_seed3.json.gz profit=9567148 status=timeout
2026-05-28 00:48:04,399 INFO run_final_experiments | final progress 194/210 elapsed=1120.8s solver=hld instance=uncorrelated/N100000_M20/mckp_N100000_M20_uncorrelated_f0.500_seed30.json.gz profit=10745001 status=timeout
2026-05-28 00:48:04,522 INFO run_final_experiments | final progress 195/210 elapsed=1121.0s solver=hld instance=uncorrelated/N100000_M20/mckp_N100000_M20_uncorrelated_f0.500_seed33.json.gz profit=13842049 status=timeout
2026-05-28 00:48:05,953 INFO run_final_experiments | final progress 196/210 elapsed=1122.4s solver=hld instance=uncorrelated/N100000_M20/mckp_N100000_M20_uncorrelated_f0.500_seed34.json.gz profit=16516619 status=timeout
2026-05-28 00:48:06,294 INFO run_final_experiments | final progress 197/210 elapsed=1122.7s solver=hld instance=uncorrelated/N100000_M20/mckp_N100000_M20_uncorrelated_f0.500_seed35.json.gz profit=4786420 status=timeout
2026-05-28 00:48:06,766 INFO run_final_experiments | final progress 198/210 elapsed=1123.2s solver=hld instance=uncorrelated/N100000_M20/mckp_N100000_M20_uncorrelated_f0.500_seed31.json.gz profit=9170956 status=timeout
2026-05-28 00:48:06,984 INFO run_final_experiments | final progress 199/210 elapsed=1123.4s solver=hld instance=uncorrelated/N100000_M20/mckp_N100000_M20_uncorrelated_f0.500_seed39.json.gz profit=11156001 status=timeout
2026-05-28 00:48:11,533 INFO run_final_experiments | final progress 200/210 elapsed=1128.0s solver=hld instance=uncorrelated/N100000_M20/mckp_N100000_M20_uncorrelated_f0.500_seed4.json.gz profit=10663093 status=timeout
2026-05-28 00:48:12,073 INFO run_final_experiments | final progress 201/210 elapsed=1128.5s solver=hld instance=uncorrelated/N100000_M20/mckp_N100000_M20_uncorrelated_f0.500_seed41.json.gz profit=10643339 status=timeout
2026-05-28 00:48:17,201 INFO run_final_experiments | final progress 202/210 elapsed=1133.6s solver=hld instance=uncorrelated/N100000_M20/mckp_N100000_M20_uncorrelated_f0.500_seed43.json.gz profit=10681650 status=timeout
2026-05-28 00:48:17,343 INFO run_final_experiments | final progress 203/210 elapsed=1133.8s solver=hld instance=uncorrelated/N100000_M20/mckp_N100000_M20_uncorrelated_f0.500_seed42.json.gz profit=6381162 status=timeout
2026-05-28 01:39:14,035 INFO run_final_experiments | final progress 204/210 elapsed=1151.7s solver=hld instance=uncorrelated/N100000_M20/mckp_N100000_M20_uncorrelated_f0.500_seed44.json.gz profit=12685125 status=timeout
2026-05-28 02:11:06,820 INFO run_final_experiments | final progress 205/210 elapsed=1164.2s solver=hld instance=uncorrelated/N100000_M20/mckp_N100000_M20_uncorrelated_f0.500_seed45.json.gz profit=14353126 status=timeout
2026-05-28 03:00:46,204 INFO run_final_experiments | final progress 206/210 elapsed=1190.5s solver=hld instance=uncorrelated/N100000_M20/mckp_N100000_M20_uncorrelated_f0.500_seed46.json.gz profit=20717535 status=timeout
2026-05-28 03:00:46,879 INFO run_final_experiments | final progress 207/210 elapsed=1191.2s solver=hld instance=uncorrelated/N100000_M20/mckp_N100000_M20_uncorrelated_f0.500_seed47.json.gz profit=15429252 status=timeout
2026-05-28 03:00:47,412 INFO run_final_experiments | final progress 208/210 elapsed=1191.7s solver=hld instance=uncorrelated/N100000_M20/mckp_N100000_M20_uncorrelated_f0.500_seed48.json.gz profit=21297458 status=timeout
2026-05-28 03:00:47,513 INFO run_final_experiments | final progress 209/210 elapsed=1191.8s solver=hld instance=uncorrelated/N100000_M20/mckp_N100000_M20_uncorrelated_f0.500_seed5.json.gz profit=20730601 status=timeout
2026-05-28 03:00:47,672 INFO run_final_experiments | final progress 210/210 elapsed=1192.0s solver=hld instance=uncorrelated/N100000_M20/mckp_N100000_M20_uncorrelated_f0.500_seed7.json.gz profit=23394790 status=timeout
2026-05-28 03:00:47,672 INFO run_final_experiments | Wrote final experiment rows to results/class_ordering/random.csv
