2026-05-27 22:37:24,763 INFO run_final_experiments | Final experiments: 210 planned rows (0 already complete)
archive: instances
manifest: instances/MANIFEST.json
config: configs/hld_smac_best.json
out_csv: results/class_ordering/sequential.csv
subset: test
solvers: hld
selected_cells: 6
cell: 100000,20,inversely_strongly,0.5
cell: 100000,20,strongly,0.5
cell: 100000,20,uncorrelated,0.5
cell: 100000,10,strongly,0.5
cell: 100000,5,strongly,0.75
cell: 100000,10,inversely_strongly,0.1
eligible_instances: 210
jobs: 12
highs_threads: 1
class_ordering: sequential
time_limit_s: 60.0
2026-05-27 22:38:28,497 INFO run_final_experiments | final progress 1/210 elapsed=63.7s solver=hld instance=inversely_strongly/N100000_M10/mckp_N100000_M10_inversely_strongly_f0.100_seed20.json.gz profit=1386814 status=timeout
2026-05-27 22:38:28,758 INFO run_final_experiments | final progress 2/210 elapsed=64.0s solver=hld instance=inversely_strongly/N100000_M10/mckp_N100000_M10_inversely_strongly_f0.100_seed2.json.gz profit=700694 status=timeout
2026-05-27 22:38:28,932 INFO run_final_experiments | final progress 3/210 elapsed=64.2s solver=hld instance=inversely_strongly/N100000_M10/mckp_N100000_M10_inversely_strongly_f0.100_seed1.json.gz profit=428785 status=timeout
2026-05-27 22:38:29,025 INFO run_final_experiments | final progress 4/210 elapsed=64.3s solver=hld instance=inversely_strongly/N100000_M10/mckp_N100000_M10_inversely_strongly_f0.100_seed12.json.gz profit=220294 status=timeout
2026-05-27 22:38:29,201 INFO run_final_experiments | final progress 5/210 elapsed=64.4s solver=hld instance=inversely_strongly/N100000_M10/mckp_N100000_M10_inversely_strongly_f0.100_seed17.json.gz profit=190601 status=timeout
2026-05-27 22:38:29,216 INFO run_final_experiments | final progress 6/210 elapsed=64.5s solver=hld instance=inversely_strongly/N100000_M10/mckp_N100000_M10_inversely_strongly_f0.100_seed16.json.gz profit=420050 status=timeout
2026-05-27 22:38:29,216 INFO run_final_experiments | final progress 7/210 elapsed=64.5s solver=hld instance=inversely_strongly/N100000_M10/mckp_N100000_M10_inversely_strongly_f0.100_seed13.json.gz profit=297346 status=timeout
2026-05-27 22:38:29,345 INFO run_final_experiments | final progress 8/210 elapsed=64.6s solver=hld instance=inversely_strongly/N100000_M10/mckp_N100000_M10_inversely_strongly_f0.100_seed0.json.gz profit=126799 status=timeout
2026-05-27 22:38:29,386 INFO run_final_experiments | final progress 9/210 elapsed=64.6s solver=hld instance=inversely_strongly/N100000_M10/mckp_N100000_M10_inversely_strongly_f0.100_seed19.json.gz profit=484831 status=timeout
2026-05-27 22:38:29,401 INFO run_final_experiments | final progress 10/210 elapsed=64.6s solver=hld instance=inversely_strongly/N100000_M10/mckp_N100000_M10_inversely_strongly_f0.100_seed10.json.gz profit=110022 status=timeout
2026-05-27 22:38:29,909 INFO run_final_experiments | final progress 11/210 elapsed=65.1s solver=hld instance=inversely_strongly/N100000_M10/mckp_N100000_M10_inversely_strongly_f0.100_seed14.json.gz profit=90054 status=timeout
2026-05-27 22:38:29,935 INFO run_final_experiments | final progress 12/210 elapsed=65.2s solver=hld instance=inversely_strongly/N100000_M10/mckp_N100000_M10_inversely_strongly_f0.100_seed15.json.gz profit=120133 status=timeout
2026-05-27 22:39:32,046 INFO run_final_experiments | final progress 13/210 elapsed=127.3s solver=hld instance=inversely_strongly/N100000_M10/mckp_N100000_M10_inversely_strongly_f0.100_seed22.json.gz profit=226334 status=timeout
2026-05-27 22:39:32,062 INFO run_final_experiments | final progress 14/210 elapsed=127.3s solver=hld instance=inversely_strongly/N100000_M10/mckp_N100000_M10_inversely_strongly_f0.100_seed23.json.gz profit=209233 status=timeout
<path>/knapsack-hld/.venv/lib/python3.14/site-packages/joblib/externals/loky/process_executor.py:782: UserWarning: A worker stopped while some jobs were given to the executor. This can be caused by a too short worker timeout or by a memory leak.
  warnings.warn(
2026-05-27 22:39:32,347 INFO run_final_experiments | final progress 15/210 elapsed=127.6s solver=hld instance=inversely_strongly/N100000_M10/mckp_N100000_M10_inversely_strongly_f0.100_seed24.json.gz profit=81827 status=timeout
2026-05-27 22:39:32,470 INFO run_final_experiments | final progress 16/210 elapsed=127.7s solver=hld instance=inversely_strongly/N100000_M10/mckp_N100000_M10_inversely_strongly_f0.100_seed32.json.gz profit=534383 status=timeout
2026-05-27 22:39:32,764 INFO run_final_experiments | final progress 17/210 elapsed=128.0s solver=hld instance=inversely_strongly/N100000_M10/mckp_N100000_M10_inversely_strongly_f0.100_seed3.json.gz profit=205457 status=timeout
2026-05-27 22:39:32,764 INFO run_final_experiments | final progress 18/210 elapsed=128.0s solver=hld instance=inversely_strongly/N100000_M10/mckp_N100000_M10_inversely_strongly_f0.100_seed26.json.gz profit=238131 status=timeout
2026-05-27 22:39:32,843 INFO run_final_experiments | final progress 19/210 elapsed=128.1s solver=hld instance=inversely_strongly/N100000_M10/mckp_N100000_M10_inversely_strongly_f0.100_seed28.json.gz profit=88164 status=timeout
2026-05-27 22:39:32,967 INFO run_final_experiments | final progress 20/210 elapsed=128.2s solver=hld instance=inversely_strongly/N100000_M10/mckp_N100000_M10_inversely_strongly_f0.100_seed34.json.gz profit=220206 status=timeout
2026-05-27 22:39:33,076 INFO run_final_experiments | final progress 21/210 elapsed=128.3s solver=hld instance=inversely_strongly/N100000_M10/mckp_N100000_M10_inversely_strongly_f0.100_seed36.json.gz profit=600347 status=timeout
2026-05-27 22:39:33,148 INFO run_final_experiments | final progress 22/210 elapsed=128.4s solver=hld instance=inversely_strongly/N100000_M10/mckp_N100000_M10_inversely_strongly_f0.100_seed33.json.gz profit=88964 status=timeout
2026-05-27 22:39:33,295 INFO run_final_experiments | final progress 23/210 elapsed=128.5s solver=hld instance=inversely_strongly/N100000_M10/mckp_N100000_M10_inversely_strongly_f0.100_seed35.json.gz profit=92924 status=timeout
2026-05-27 22:39:33,398 INFO run_final_experiments | final progress 24/210 elapsed=128.6s solver=hld instance=inversely_strongly/N100000_M10/mckp_N100000_M10_inversely_strongly_f0.100_seed37.json.gz profit=191399 status=timeout
2026-05-27 22:40:12,800 INFO run_final_experiments | final progress 25/210 elapsed=168.0s solver=hld instance=inversely_strongly/N100000_M10/mckp_N100000_M10_inversely_strongly_f0.100_seed6.json.gz profit=5937061 status=feasible
2026-05-27 22:40:35,403 INFO run_final_experiments | final progress 26/210 elapsed=190.6s solver=hld instance=inversely_strongly/N100000_M10/mckp_N100000_M10_inversely_strongly_f0.100_seed38.json.gz profit=175368 status=timeout
2026-05-27 22:40:35,537 INFO run_final_experiments | final progress 27/210 elapsed=190.8s solver=hld instance=inversely_strongly/N100000_M10/mckp_N100000_M10_inversely_strongly_f0.100_seed4.json.gz profit=102125 status=timeout
2026-05-27 22:40:35,850 INFO run_final_experiments | final progress 28/210 elapsed=191.1s solver=hld instance=inversely_strongly/N100000_M10/mckp_N100000_M10_inversely_strongly_f0.100_seed40.json.gz profit=327690 status=timeout
2026-05-27 22:40:36,065 INFO run_final_experiments | final progress 29/210 elapsed=191.3s solver=hld instance=inversely_strongly/N100000_M10/mckp_N100000_M10_inversely_strongly_f0.100_seed47.json.gz profit=367129 status=timeout
2026-05-27 22:40:36,224 INFO run_final_experiments | final progress 30/210 elapsed=191.5s solver=hld instance=inversely_strongly/N100000_M10/mckp_N100000_M10_inversely_strongly_f0.100_seed42.json.gz profit=236558 status=timeout
2026-05-27 22:40:36,343 INFO run_final_experiments | final progress 31/210 elapsed=191.6s solver=hld instance=inversely_strongly/N100000_M10/mckp_N100000_M10_inversely_strongly_f0.100_seed45.json.gz profit=102067 status=timeout
2026-05-27 22:40:36,616 INFO run_final_experiments | final progress 32/210 elapsed=191.9s solver=hld instance=inversely_strongly/N100000_M10/mckp_N100000_M10_inversely_strongly_f0.100_seed49.json.gz profit=426054 status=timeout
2026-05-27 22:40:36,644 INFO run_final_experiments | final progress 33/210 elapsed=191.9s solver=hld instance=inversely_strongly/N100000_M10/mckp_N100000_M10_inversely_strongly_f0.100_seed44.json.gz profit=198463 status=timeout
2026-05-27 22:40:36,967 INFO run_final_experiments | final progress 34/210 elapsed=192.2s solver=hld instance=inversely_strongly/N100000_M10/mckp_N100000_M10_inversely_strongly_f0.100_seed5.json.gz profit=95062 status=timeout
2026-05-27 22:40:37,088 INFO run_final_experiments | final progress 35/210 elapsed=192.3s solver=hld instance=inversely_strongly/N100000_M10/mckp_N100000_M10_inversely_strongly_f0.100_seed9.json.gz profit=107797 status=timeout
2026-05-27 22:40:40,091 INFO run_final_experiments | final progress 36/210 elapsed=195.3s solver=hld instance=inversely_strongly/N100000_M20/mckp_N100000_M20_inversely_strongly_f0.500_seed1.json.gz profit=1507520 status=timeout
2026-05-27 22:41:19,068 INFO run_final_experiments | final progress 37/210 elapsed=234.3s solver=hld instance=inversely_strongly/N100000_M20/mckp_N100000_M20_inversely_strongly_f0.500_seed10.json.gz profit=1012400 status=timeout
2026-05-27 22:41:42,246 INFO run_final_experiments | final progress 38/210 elapsed=257.5s solver=hld instance=inversely_strongly/N100000_M20/mckp_N100000_M20_inversely_strongly_f0.500_seed13.json.gz profit=2055777 status=timeout
2026-05-27 22:41:42,656 INFO run_final_experiments | final progress 39/210 elapsed=257.9s solver=hld instance=inversely_strongly/N100000_M20/mckp_N100000_M20_inversely_strongly_f0.500_seed11.json.gz profit=1056418 status=timeout
2026-05-27 22:41:42,970 INFO run_final_experiments | final progress 40/210 elapsed=258.2s solver=hld instance=inversely_strongly/N100000_M20/mckp_N100000_M20_inversely_strongly_f0.500_seed21.json.gz profit=3061233 status=timeout
2026-05-27 22:41:43,107 INFO run_final_experiments | final progress 41/210 elapsed=258.3s solver=hld instance=inversely_strongly/N100000_M20/mckp_N100000_M20_inversely_strongly_f0.500_seed16.json.gz profit=1064331 status=timeout
2026-05-27 22:41:43,459 INFO run_final_experiments | final progress 42/210 elapsed=258.7s solver=hld instance=inversely_strongly/N100000_M20/mckp_N100000_M20_inversely_strongly_f0.500_seed2.json.gz profit=521950 status=timeout
2026-05-27 22:41:43,538 INFO run_final_experiments | final progress 43/210 elapsed=258.8s solver=hld instance=inversely_strongly/N100000_M20/mckp_N100000_M20_inversely_strongly_f0.500_seed17.json.gz profit=998604 status=timeout
2026-05-27 22:41:43,590 INFO run_final_experiments | final progress 44/210 elapsed=258.8s solver=hld instance=inversely_strongly/N100000_M20/mckp_N100000_M20_inversely_strongly_f0.500_seed20.json.gz profit=553947 status=timeout
2026-05-27 22:41:43,605 INFO run_final_experiments | final progress 45/210 elapsed=258.8s solver=hld instance=inversely_strongly/N100000_M20/mckp_N100000_M20_inversely_strongly_f0.500_seed23.json.gz profit=1502275 status=timeout
2026-05-27 22:41:43,633 INFO run_final_experiments | final progress 46/210 elapsed=258.9s solver=hld instance=inversely_strongly/N100000_M20/mckp_N100000_M20_inversely_strongly_f0.500_seed15.json.gz profit=1043212 status=timeout
2026-05-27 22:41:43,914 INFO run_final_experiments | final progress 47/210 elapsed=259.1s solver=hld instance=inversely_strongly/N100000_M20/mckp_N100000_M20_inversely_strongly_f0.500_seed22.json.gz profit=1025216 status=timeout
2026-05-27 22:41:46,747 INFO run_final_experiments | final progress 48/210 elapsed=262.0s solver=hld instance=inversely_strongly/N100000_M20/mckp_N100000_M20_inversely_strongly_f0.500_seed25.json.gz profit=526967 status=timeout
2026-05-27 22:42:25,363 INFO run_final_experiments | final progress 49/210 elapsed=300.6s solver=hld instance=inversely_strongly/N100000_M20/mckp_N100000_M20_inversely_strongly_f0.500_seed28.json.gz profit=978601 status=timeout
2026-05-27 22:42:48,927 INFO run_final_experiments | final progress 50/210 elapsed=324.2s solver=hld instance=inversely_strongly/N100000_M20/mckp_N100000_M20_inversely_strongly_f0.500_seed3.json.gz profit=513411 status=timeout
2026-05-27 22:42:48,943 INFO run_final_experiments | final progress 51/210 elapsed=324.2s solver=hld instance=inversely_strongly/N100000_M20/mckp_N100000_M20_inversely_strongly_f0.500_seed30.json.gz profit=531807 status=timeout
2026-05-27 22:42:49,200 INFO run_final_experiments | final progress 52/210 elapsed=324.4s solver=hld instance=inversely_strongly/N100000_M20/mckp_N100000_M20_inversely_strongly_f0.500_seed31.json.gz profit=519917 status=timeout
2026-05-27 22:42:49,297 INFO run_final_experiments | final progress 53/210 elapsed=324.5s solver=hld instance=inversely_strongly/N100000_M20/mckp_N100000_M20_inversely_strongly_f0.500_seed38.json.gz profit=4060269 status=timeout
2026-05-27 22:42:49,371 INFO run_final_experiments | final progress 54/210 elapsed=324.6s solver=hld instance=inversely_strongly/N100000_M20/mckp_N100000_M20_inversely_strongly_f0.500_seed35.json.gz profit=3576076 status=timeout
2026-05-27 22:42:49,430 INFO run_final_experiments | final progress 55/210 elapsed=324.7s solver=hld instance=inversely_strongly/N100000_M20/mckp_N100000_M20_inversely_strongly_f0.500_seed32.json.gz profit=1018565 status=timeout
2026-05-27 22:42:49,540 INFO run_final_experiments | final progress 56/210 elapsed=324.8s solver=hld instance=inversely_strongly/N100000_M20/mckp_N100000_M20_inversely_strongly_f0.500_seed37.json.gz profit=2570234 status=timeout
2026-05-27 22:42:49,554 INFO run_final_experiments | final progress 57/210 elapsed=324.8s solver=hld instance=inversely_strongly/N100000_M20/mckp_N100000_M20_inversely_strongly_f0.500_seed33.json.gz profit=1985537 status=timeout
2026-05-27 22:42:50,306 INFO run_final_experiments | final progress 58/210 elapsed=325.5s solver=hld instance=inversely_strongly/N100000_M20/mckp_N100000_M20_inversely_strongly_f0.500_seed39.json.gz profit=1612475 status=timeout
2026-05-27 22:42:50,411 INFO run_final_experiments | final progress 59/210 elapsed=325.6s solver=hld instance=inversely_strongly/N100000_M20/mckp_N100000_M20_inversely_strongly_f0.500_seed40.json.gz profit=1559980 status=timeout
2026-05-27 22:42:52,907 INFO run_final_experiments | final progress 60/210 elapsed=328.1s solver=hld instance=inversely_strongly/N100000_M20/mckp_N100000_M20_inversely_strongly_f0.500_seed42.json.gz profit=2103452 status=timeout
2026-05-27 22:43:31,273 INFO run_final_experiments | final progress 61/210 elapsed=366.5s solver=hld instance=inversely_strongly/N100000_M20/mckp_N100000_M20_inversely_strongly_f0.500_seed43.json.gz profit=4584588 status=timeout
2026-05-27 22:43:53,153 INFO run_final_experiments | final progress 62/210 elapsed=388.4s solver=hld instance=strongly/N100000_M10/mckp_N100000_M10_strongly_f0.500_seed1.json.gz profit=7237097 status=timeout
2026-05-27 22:43:55,324 INFO run_final_experiments | final progress 63/210 elapsed=390.6s solver=hld instance=inversely_strongly/N100000_M20/mckp_N100000_M20_inversely_strongly_f0.500_seed6.json.gz profit=5616460 status=timeout
2026-05-27 22:43:55,400 INFO run_final_experiments | final progress 64/210 elapsed=390.6s solver=hld instance=inversely_strongly/N100000_M20/mckp_N100000_M20_inversely_strongly_f0.500_seed48.json.gz profit=2515177 status=timeout
2026-05-27 22:43:55,594 INFO run_final_experiments | final progress 65/210 elapsed=390.8s solver=hld instance=inversely_strongly/N100000_M20/mckp_N100000_M20_inversely_strongly_f0.500_seed44.json.gz profit=1510269 status=timeout
2026-05-27 22:43:55,594 INFO run_final_experiments | final progress 66/210 elapsed=390.8s solver=hld instance=inversely_strongly/N100000_M20/mckp_N100000_M20_inversely_strongly_f0.500_seed45.json.gz profit=990222 status=timeout
2026-05-27 22:43:55,622 INFO run_final_experiments | final progress 67/210 elapsed=390.9s solver=hld instance=inversely_strongly/N100000_M20/mckp_N100000_M20_inversely_strongly_f0.500_seed47.json.gz profit=1514141 status=timeout
2026-05-27 22:43:55,909 INFO run_final_experiments | final progress 68/210 elapsed=391.1s solver=hld instance=inversely_strongly/N100000_M20/mckp_N100000_M20_inversely_strongly_f0.500_seed7.json.gz profit=1004988 status=timeout
2026-05-27 22:43:56,061 INFO run_final_experiments | final progress 69/210 elapsed=391.3s solver=hld instance=inversely_strongly/N100000_M20/mckp_N100000_M20_inversely_strongly_f0.500_seed8.json.gz profit=2008248 status=timeout
2026-05-27 22:43:56,206 INFO run_final_experiments | final progress 70/210 elapsed=391.4s solver=hld instance=inversely_strongly/N100000_M20/mckp_N100000_M20_inversely_strongly_f0.500_seed5.json.gz profit=504171 status=timeout
2026-05-27 22:43:56,436 INFO run_final_experiments | final progress 71/210 elapsed=391.7s solver=hld instance=inversely_strongly/N100000_M20/mckp_N100000_M20_inversely_strongly_f0.500_seed9.json.gz profit=1006313 status=timeout
2026-05-27 22:44:00,299 INFO run_final_experiments | final progress 72/210 elapsed=395.5s solver=hld instance=strongly/N100000_M10/mckp_N100000_M10_strongly_f0.500_seed11.json.gz profit=7862060 status=timeout
2026-05-27 22:44:35,550 INFO run_final_experiments | final progress 73/210 elapsed=430.8s solver=hld instance=strongly/N100000_M10/mckp_N100000_M10_strongly_f0.500_seed12.json.gz profit=5426717 status=timeout
2026-05-27 22:44:56,444 INFO run_final_experiments | final progress 74/210 elapsed=451.7s solver=hld instance=strongly/N100000_M10/mckp_N100000_M10_strongly_f0.500_seed15.json.gz profit=5404078 status=timeout
2026-05-27 22:44:58,315 INFO run_final_experiments | final progress 75/210 elapsed=453.5s solver=hld instance=strongly/N100000_M10/mckp_N100000_M10_strongly_f0.500_seed20.json.gz profit=7230616 status=timeout
2026-05-27 22:44:58,574 INFO run_final_experiments | final progress 76/210 elapsed=453.8s solver=hld instance=strongly/N100000_M10/mckp_N100000_M10_strongly_f0.500_seed22.json.gz profit=9035986 status=timeout
2026-05-27 22:44:58,704 INFO run_final_experiments | final progress 77/210 elapsed=453.9s solver=hld instance=strongly/N100000_M10/mckp_N100000_M10_strongly_f0.500_seed24.json.gz profit=8234659 status=timeout
2026-05-27 22:44:59,068 INFO run_final_experiments | final progress 78/210 elapsed=454.3s solver=hld instance=strongly/N100000_M10/mckp_N100000_M10_strongly_f0.500_seed21.json.gz profit=9683713 status=timeout
2026-05-27 22:44:59,146 INFO run_final_experiments | final progress 79/210 elapsed=454.4s solver=hld instance=strongly/N100000_M10/mckp_N100000_M10_strongly_f0.500_seed26.json.gz profit=6943178 status=timeout
2026-05-27 22:44:59,200 INFO run_final_experiments | final progress 80/210 elapsed=454.4s solver=hld instance=strongly/N100000_M10/mckp_N100000_M10_strongly_f0.500_seed23.json.gz profit=8483659 status=timeout
2026-05-27 22:44:59,201 INFO run_final_experiments | final progress 81/210 elapsed=454.4s solver=hld instance=strongly/N100000_M10/mckp_N100000_M10_strongly_f0.500_seed19.json.gz profit=4837558 status=timeout
2026-05-27 22:45:03,454 INFO run_final_experiments | final progress 82/210 elapsed=458.7s solver=hld instance=strongly/N100000_M10/mckp_N100000_M10_strongly_f0.500_seed18.json.gz profit=6011968 status=timeout
2026-05-27 22:45:03,538 INFO run_final_experiments | final progress 83/210 elapsed=458.8s solver=hld instance=strongly/N100000_M10/mckp_N100000_M10_strongly_f0.500_seed27.json.gz profit=6015329 status=timeout
2026-05-27 22:45:05,135 INFO run_final_experiments | final progress 84/210 elapsed=460.4s solver=hld instance=strongly/N100000_M10/mckp_N100000_M10_strongly_f0.500_seed25.json.gz profit=9622167 status=timeout
2026-05-27 22:45:38,734 INFO run_final_experiments | final progress 85/210 elapsed=494.0s solver=hld instance=strongly/N100000_M10/mckp_N100000_M10_strongly_f0.500_seed28.json.gz profit=6630694 status=timeout
2026-05-27 22:46:01,021 INFO run_final_experiments | final progress 86/210 elapsed=516.3s solver=hld instance=strongly/N100000_M10/mckp_N100000_M10_strongly_f0.500_seed29.json.gz profit=8412606 status=timeout
2026-05-27 22:46:01,802 INFO run_final_experiments | final progress 87/210 elapsed=517.0s solver=hld instance=strongly/N100000_M10/mckp_N100000_M10_strongly_f0.500_seed36.json.gz profit=7238745 status=timeout
2026-05-27 22:46:02,145 INFO run_final_experiments | final progress 88/210 elapsed=517.4s solver=hld instance=strongly/N100000_M10/mckp_N100000_M10_strongly_f0.500_seed34.json.gz profit=7258080 status=timeout
2026-05-27 22:46:02,211 INFO run_final_experiments | final progress 89/210 elapsed=517.4s solver=hld instance=strongly/N100000_M10/mckp_N100000_M10_strongly_f0.500_seed37.json.gz profit=5422104 status=timeout
2026-05-27 22:46:02,322 INFO run_final_experiments | final progress 90/210 elapsed=517.6s solver=hld instance=strongly/N100000_M10/mckp_N100000_M10_strongly_f0.500_seed4.json.gz profit=5470247 status=timeout
2026-05-27 22:46:04,580 INFO run_final_experiments | final progress 91/210 elapsed=519.8s solver=hld instance=strongly/N100000_M10/mckp_N100000_M10_strongly_f0.500_seed33.json.gz profit=10307020 status=timeout
2026-05-27 22:46:06,141 INFO run_final_experiments | final progress 92/210 elapsed=521.4s solver=hld instance=strongly/N100000_M10/mckp_N100000_M10_strongly_f0.500_seed40.json.gz profit=7249934 status=timeout
2026-05-27 22:46:07,923 INFO run_final_experiments | final progress 93/210 elapsed=523.2s solver=hld instance=strongly/N100000_M10/mckp_N100000_M10_strongly_f0.500_seed42.json.gz profit=5480053 status=timeout
2026-05-27 22:46:10,354 INFO run_final_experiments | final progress 94/210 elapsed=525.6s solver=hld instance=strongly/N100000_M10/mckp_N100000_M10_strongly_f0.500_seed30.json.gz profit=9120770 status=timeout
2026-05-27 22:46:11,622 INFO run_final_experiments | final progress 95/210 elapsed=526.9s solver=hld instance=strongly/N100000_M10/mckp_N100000_M10_strongly_f0.500_seed39.json.gz profit=5449774 status=timeout
2026-05-27 22:46:12,100 INFO run_final_experiments | final progress 96/210 elapsed=527.3s solver=hld instance=strongly/N100000_M10/mckp_N100000_M10_strongly_f0.500_seed41.json.gz profit=9061047 status=timeout
2026-05-27 22:46:42,292 INFO run_final_experiments | final progress 97/210 elapsed=557.5s solver=hld instance=strongly/N100000_M10/mckp_N100000_M10_strongly_f0.500_seed43.json.gz profit=6085795 status=timeout
2026-05-27 22:47:03,520 INFO run_final_experiments | final progress 98/210 elapsed=578.8s solver=hld instance=strongly/N100000_M10/mckp_N100000_M10_strongly_f0.500_seed45.json.gz profit=9094652 status=timeout
2026-05-27 22:47:04,904 INFO run_final_experiments | final progress 99/210 elapsed=580.1s solver=hld instance=strongly/N100000_M10/mckp_N100000_M10_strongly_f0.500_seed46.json.gz profit=6045362 status=timeout
2026-05-27 22:47:05,132 INFO run_final_experiments | final progress 100/210 elapsed=580.4s solver=hld instance=strongly/N100000_M10/mckp_N100000_M10_strongly_f0.500_seed49.json.gz profit=8457527 status=timeout
2026-05-27 22:47:05,861 INFO run_final_experiments | final progress 101/210 elapsed=581.1s solver=hld instance=strongly/N100000_M10/mckp_N100000_M10_strongly_f0.500_seed5.json.gz profit=7239924 status=timeout
2026-05-27 22:47:09,808 INFO run_final_experiments | final progress 102/210 elapsed=585.0s solver=hld instance=strongly/N100000_M10/mckp_N100000_M10_strongly_f0.500_seed8.json.gz profit=8501132 status=timeout
2026-05-27 22:47:10,821 INFO run_final_experiments | final progress 103/210 elapsed=586.1s solver=hld instance=strongly/N100000_M10/mckp_N100000_M10_strongly_f0.500_seed9.json.gz profit=5424900 status=timeout
2026-05-27 22:47:11,761 INFO run_final_experiments | final progress 104/210 elapsed=587.0s solver=hld instance=strongly/N100000_M10/mckp_N100000_M10_strongly_f0.500_seed47.json.gz profit=5460375 status=timeout
2026-05-27 22:47:12,781 INFO run_final_experiments | final progress 105/210 elapsed=588.0s solver=hld instance=strongly/N100000_M10/mckp_N100000_M10_strongly_f0.500_seed7.json.gz profit=6039170 status=timeout
2026-05-27 22:47:17,549 INFO run_final_experiments | final progress 106/210 elapsed=592.8s solver=hld instance=strongly/N100000_M20/mckp_N100000_M20_strongly_f0.500_seed11.json.gz profit=3060235 status=timeout
2026-05-27 22:47:18,314 INFO run_final_experiments | final progress 107/210 elapsed=593.5s solver=hld instance=strongly/N100000_M20/mckp_N100000_M20_strongly_f0.500_seed0.json.gz profit=8403480 status=timeout
2026-05-27 22:47:18,508 INFO run_final_experiments | final progress 108/210 elapsed=593.7s solver=hld instance=strongly/N100000_M20/mckp_N100000_M20_strongly_f0.500_seed12.json.gz profit=3605127 status=timeout
2026-05-27 22:47:48,176 INFO run_final_experiments | final progress 109/210 elapsed=623.4s solver=hld instance=strongly/N100000_M20/mckp_N100000_M20_strongly_f0.500_seed14.json.gz profit=3611418 status=timeout
2026-05-27 22:48:09,097 INFO run_final_experiments | final progress 110/210 elapsed=644.3s solver=hld instance=strongly/N100000_M20/mckp_N100000_M20_strongly_f0.500_seed15.json.gz profit=5393980 status=timeout
2026-05-27 22:48:10,657 INFO run_final_experiments | final progress 111/210 elapsed=645.9s solver=hld instance=strongly/N100000_M20/mckp_N100000_M20_strongly_f0.500_seed17.json.gz profit=5418732 status=timeout
2026-05-27 22:48:11,470 INFO run_final_experiments | final progress 112/210 elapsed=646.7s solver=hld instance=strongly/N100000_M20/mckp_N100000_M20_strongly_f0.500_seed16.json.gz profit=4274561 status=timeout
2026-05-27 22:48:15,818 INFO run_final_experiments | final progress 113/210 elapsed=651.1s solver=hld instance=strongly/N100000_M20/mckp_N100000_M20_strongly_f0.500_seed19.json.gz profit=3616173 status=timeout
2026-05-27 22:48:15,888 INFO run_final_experiments | final progress 114/210 elapsed=651.1s solver=hld instance=strongly/N100000_M20/mckp_N100000_M20_strongly_f0.500_seed18.json.gz profit=4169509 status=timeout
2026-05-27 22:48:16,496 INFO run_final_experiments | final progress 115/210 elapsed=651.7s solver=hld instance=strongly/N100000_M20/mckp_N100000_M20_strongly_f0.500_seed2.json.gz profit=5446624 status=timeout
2026-05-27 22:48:17,661 INFO run_final_experiments | final progress 116/210 elapsed=652.9s solver=hld instance=strongly/N100000_M20/mckp_N100000_M20_strongly_f0.500_seed20.json.gz profit=3957505 status=timeout
2026-05-27 22:48:18,937 INFO run_final_experiments | final progress 117/210 elapsed=654.2s solver=hld instance=strongly/N100000_M20/mckp_N100000_M20_strongly_f0.500_seed21.json.gz profit=3674078 status=timeout
2026-05-27 22:48:24,338 INFO run_final_experiments | final progress 118/210 elapsed=659.6s solver=hld instance=strongly/N100000_M20/mckp_N100000_M20_strongly_f0.500_seed23.json.gz profit=3625864 status=timeout
2026-05-27 22:48:24,805 INFO run_final_experiments | final progress 119/210 elapsed=660.0s solver=hld instance=strongly/N100000_M20/mckp_N100000_M20_strongly_f0.500_seed24.json.gz profit=2464466 status=timeout
2026-05-27 22:48:27,480 INFO run_final_experiments | final progress 120/210 elapsed=662.7s solver=hld instance=strongly/N100000_M20/mckp_N100000_M20_strongly_f0.500_seed22.json.gz profit=6027632 status=timeout
2026-05-27 22:48:54,218 INFO run_final_experiments | final progress 121/210 elapsed=689.5s solver=hld instance=strongly/N100000_M20/mckp_N100000_M20_strongly_f0.500_seed28.json.gz profit=3012155 status=timeout
2026-05-27 22:49:15,096 INFO run_final_experiments | final progress 122/210 elapsed=710.3s solver=hld instance=strongly/N100000_M20/mckp_N100000_M20_strongly_f0.500_seed29.json.gz profit=3002817 status=timeout
2026-05-27 22:49:16,417 INFO run_final_experiments | final progress 123/210 elapsed=711.6s solver=hld instance=strongly/N100000_M20/mckp_N100000_M20_strongly_f0.500_seed3.json.gz profit=3591252 status=timeout
2026-05-27 22:49:18,111 INFO run_final_experiments | final progress 124/210 elapsed=713.3s solver=hld instance=strongly/N100000_M20/mckp_N100000_M20_strongly_f0.500_seed31.json.gz profit=3643166 status=timeout
2026-05-27 22:49:21,668 INFO run_final_experiments | final progress 125/210 elapsed=716.9s solver=hld instance=strongly/N100000_M20/mckp_N100000_M20_strongly_f0.500_seed32.json.gz profit=5413820 status=timeout
2026-05-27 22:49:22,530 INFO run_final_experiments | final progress 126/210 elapsed=717.8s solver=hld instance=strongly/N100000_M20/mckp_N100000_M20_strongly_f0.500_seed34.json.gz profit=3631794 status=timeout
2026-05-27 22:49:22,677 INFO run_final_experiments | final progress 127/210 elapsed=717.9s solver=hld instance=strongly/N100000_M20/mckp_N100000_M20_strongly_f0.500_seed35.json.gz profit=3024509 status=timeout
2026-05-27 22:49:23,541 INFO run_final_experiments | final progress 128/210 elapsed=718.8s solver=hld instance=strongly/N100000_M20/mckp_N100000_M20_strongly_f0.500_seed36.json.gz profit=4223258 status=timeout
2026-05-27 22:49:25,080 INFO run_final_experiments | final progress 129/210 elapsed=720.3s solver=hld instance=strongly/N100000_M20/mckp_N100000_M20_strongly_f0.500_seed37.json.gz profit=3027690 status=timeout
2026-05-27 22:49:30,476 INFO run_final_experiments | final progress 130/210 elapsed=725.7s solver=hld instance=strongly/N100000_M20/mckp_N100000_M20_strongly_f0.500_seed4.json.gz profit=6040197 status=timeout
2026-05-27 22:49:30,622 INFO run_final_experiments | final progress 131/210 elapsed=725.9s solver=hld instance=strongly/N100000_M20/mckp_N100000_M20_strongly_f0.500_seed39.json.gz profit=4225056 status=timeout
2026-05-27 22:49:33,708 INFO run_final_experiments | final progress 132/210 elapsed=728.9s solver=hld instance=strongly/N100000_M20/mckp_N100000_M20_strongly_f0.500_seed40.json.gz profit=3920054 status=timeout
2026-05-27 22:50:00,023 INFO run_final_experiments | final progress 133/210 elapsed=755.3s solver=hld instance=strongly/N100000_M20/mckp_N100000_M20_strongly_f0.500_seed42.json.gz profit=5449899 status=timeout
2026-05-27 22:50:22,510 INFO run_final_experiments | final progress 134/210 elapsed=777.7s solver=hld instance=strongly/N100000_M20/mckp_N100000_M20_strongly_f0.500_seed46.json.gz profit=4823869 status=timeout
2026-05-27 22:50:22,779 INFO run_final_experiments | final progress 135/210 elapsed=778.0s solver=hld instance=strongly/N100000_M20/mckp_N100000_M20_strongly_f0.500_seed47.json.gz profit=6637610 status=timeout
2026-05-27 22:50:24,087 INFO run_final_experiments | final progress 136/210 elapsed=779.3s solver=hld instance=strongly/N100000_M20/mckp_N100000_M20_strongly_f0.500_seed48.json.gz profit=2999015 status=timeout
2026-05-27 22:50:28,160 INFO run_final_experiments | final progress 137/210 elapsed=783.4s solver=hld instance=strongly/N100000_M20/mckp_N100000_M20_strongly_f0.500_seed49.json.gz profit=3621132 status=timeout
2026-05-27 22:50:28,160 INFO run_final_experiments | final progress 138/210 elapsed=783.4s solver=hld instance=strongly/N100000_M20/mckp_N100000_M20_strongly_f0.500_seed5.json.gz profit=5421258 status=timeout
2026-05-27 22:50:28,476 INFO run_final_experiments | final progress 139/210 elapsed=783.7s solver=hld instance=strongly/N100000_M20/mckp_N100000_M20_strongly_f0.500_seed6.json.gz profit=3628819 status=timeout
2026-05-27 22:50:28,887 INFO run_final_experiments | final progress 140/210 elapsed=784.1s solver=hld instance=strongly/N100000_M5/mckp_N100000_M5_strongly_f0.750_seed0.json.gz profit=16398327 status=timeout
2026-05-27 22:50:29,259 INFO run_final_experiments | final progress 141/210 elapsed=784.5s solver=hld instance=strongly/N100000_M20/mckp_N100000_M20_strongly_f0.500_seed9.json.gz profit=3656467 status=timeout
2026-05-27 22:50:31,535 INFO run_final_experiments | final progress 142/210 elapsed=786.8s solver=hld instance=strongly/N100000_M5/mckp_N100000_M5_strongly_f0.750_seed1.json.gz profit=23759982 status=timeout
2026-05-27 22:50:31,680 INFO run_final_experiments | final progress 143/210 elapsed=786.9s solver=hld instance=strongly/N100000_M5/mckp_N100000_M5_strongly_f0.750_seed11.json.gz profit=23787213 status=timeout
2026-05-27 22:50:36,981 INFO run_final_experiments | final progress 144/210 elapsed=792.2s solver=hld instance=strongly/N100000_M5/mckp_N100000_M5_strongly_f0.750_seed13.json.gz profit=22935013 status=timeout
2026-05-27 22:51:01,270 INFO run_final_experiments | final progress 145/210 elapsed=816.5s solver=hld instance=strongly/N100000_M5/mckp_N100000_M5_strongly_f0.750_seed15.json.gz profit=20401682 status=timeout
2026-05-27 22:51:24,203 INFO run_final_experiments | final progress 146/210 elapsed=839.4s solver=hld instance=strongly/N100000_M5/mckp_N100000_M5_strongly_f0.750_seed17.json.gz profit=26295435 status=timeout
2026-05-27 22:51:24,243 INFO run_final_experiments | final progress 147/210 elapsed=839.5s solver=hld instance=strongly/N100000_M5/mckp_N100000_M5_strongly_f0.750_seed16.json.gz profit=22220683 status=timeout
2026-05-27 22:51:25,753 INFO run_final_experiments | final progress 148/210 elapsed=841.0s solver=hld instance=strongly/N100000_M5/mckp_N100000_M5_strongly_f0.750_seed19.json.gz profit=13097169 status=timeout
2026-05-27 22:51:30,273 INFO run_final_experiments | final progress 149/210 elapsed=845.5s solver=hld instance=strongly/N100000_M5/mckp_N100000_M5_strongly_f0.750_seed23.json.gz profit=18874188 status=timeout
2026-05-27 22:51:30,896 INFO run_final_experiments | final progress 150/210 elapsed=846.1s solver=hld instance=strongly/N100000_M5/mckp_N100000_M5_strongly_f0.750_seed2.json.gz profit=19692262 status=timeout
2026-05-27 22:51:31,019 INFO run_final_experiments | final progress 151/210 elapsed=846.3s solver=hld instance=strongly/N100000_M5/mckp_N100000_M5_strongly_f0.750_seed25.json.gz profit=22011640 status=timeout
2026-05-27 22:51:31,249 INFO run_final_experiments | final progress 152/210 elapsed=846.5s solver=hld instance=strongly/N100000_M5/mckp_N100000_M5_strongly_f0.750_seed22.json.gz profit=23696317 status=timeout
2026-05-27 22:51:31,317 INFO run_final_experiments | final progress 153/210 elapsed=846.5s solver=hld instance=strongly/N100000_M5/mckp_N100000_M5_strongly_f0.750_seed21.json.gz profit=16407219 status=timeout
2026-05-27 22:51:32,636 INFO run_final_experiments | final progress 154/210 elapsed=847.9s solver=hld instance=strongly/N100000_M5/mckp_N100000_M5_strongly_f0.750_seed28.json.gz profit=22182623 status=timeout
2026-05-27 22:51:33,320 INFO run_final_experiments | final progress 155/210 elapsed=848.6s solver=hld instance=strongly/N100000_M5/mckp_N100000_M5_strongly_f0.750_seed29.json.gz profit=20443899 status=timeout
2026-05-27 22:51:38,364 INFO run_final_experiments | final progress 156/210 elapsed=853.6s solver=hld instance=strongly/N100000_M5/mckp_N100000_M5_strongly_f0.750_seed3.json.gz profit=20440986 status=timeout
2026-05-27 22:52:02,369 INFO run_final_experiments | final progress 157/210 elapsed=877.6s solver=hld instance=strongly/N100000_M5/mckp_N100000_M5_strongly_f0.750_seed30.json.gz profit=20519409 status=timeout
2026-05-27 22:52:25,581 INFO run_final_experiments | final progress 158/210 elapsed=900.8s solver=hld instance=strongly/N100000_M5/mckp_N100000_M5_strongly_f0.750_seed32.json.gz profit=14838178 status=timeout
2026-05-27 22:52:25,637 INFO run_final_experiments | final progress 159/210 elapsed=900.9s solver=hld instance=strongly/N100000_M5/mckp_N100000_M5_strongly_f0.750_seed31.json.gz profit=15643034 status=timeout
2026-05-27 22:52:27,295 INFO run_final_experiments | final progress 160/210 elapsed=902.5s solver=hld instance=strongly/N100000_M5/mckp_N100000_M5_strongly_f0.750_seed33.json.gz profit=22970466 status=timeout
2026-05-27 22:52:31,926 INFO run_final_experiments | final progress 161/210 elapsed=907.2s solver=hld instance=strongly/N100000_M5/mckp_N100000_M5_strongly_f0.750_seed35.json.gz profit=22919662 status=timeout
2026-05-27 22:52:32,185 INFO run_final_experiments | final progress 162/210 elapsed=907.4s solver=hld instance=strongly/N100000_M5/mckp_N100000_M5_strongly_f0.750_seed38.json.gz profit=20524583 status=timeout
2026-05-27 22:52:32,374 INFO run_final_experiments | final progress 163/210 elapsed=907.6s solver=hld instance=strongly/N100000_M5/mckp_N100000_M5_strongly_f0.750_seed4.json.gz profit=22122833 status=timeout
2026-05-27 22:52:32,909 INFO run_final_experiments | final progress 164/210 elapsed=908.1s solver=hld instance=strongly/N100000_M5/mckp_N100000_M5_strongly_f0.750_seed39.json.gz profit=21360510 status=timeout
2026-05-27 22:52:34,141 INFO run_final_experiments | final progress 165/210 elapsed=909.4s solver=hld instance=strongly/N100000_M5/mckp_N100000_M5_strongly_f0.750_seed34.json.gz profit=19626111 status=timeout
2026-05-27 22:52:34,449 INFO run_final_experiments | final progress 166/210 elapsed=909.7s solver=hld instance=strongly/N100000_M5/mckp_N100000_M5_strongly_f0.750_seed42.json.gz profit=21410033 status=timeout
2026-05-27 22:52:37,082 INFO run_final_experiments | final progress 167/210 elapsed=912.3s solver=hld instance=strongly/N100000_M5/mckp_N100000_M5_strongly_f0.750_seed40.json.gz profit=18862022 status=timeout
2026-05-27 22:52:39,737 INFO run_final_experiments | final progress 168/210 elapsed=915.0s solver=hld instance=strongly/N100000_M5/mckp_N100000_M5_strongly_f0.750_seed45.json.gz profit=22158373 status=timeout
2026-05-27 22:53:04,049 INFO run_final_experiments | final progress 169/210 elapsed=939.3s solver=hld instance=strongly/N100000_M5/mckp_N100000_M5_strongly_f0.750_seed46.json.gz profit=21341740 status=timeout
2026-05-27 22:53:26,628 INFO run_final_experiments | final progress 170/210 elapsed=961.9s solver=hld instance=strongly/N100000_M5/mckp_N100000_M5_strongly_f0.750_seed49.json.gz profit=25329677 status=timeout
2026-05-27 22:53:26,707 INFO run_final_experiments | final progress 171/210 elapsed=961.9s solver=hld instance=strongly/N100000_M5/mckp_N100000_M5_strongly_f0.750_seed48.json.gz profit=25381693 status=timeout
2026-05-27 22:53:28,652 INFO run_final_experiments | final progress 172/210 elapsed=963.9s solver=hld instance=strongly/N100000_M5/mckp_N100000_M5_strongly_f0.750_seed6.json.gz profit=15588515 status=timeout
2026-05-27 22:53:33,391 INFO run_final_experiments | final progress 173/210 elapsed=968.6s solver=hld instance=strongly/N100000_M5/mckp_N100000_M5_strongly_f0.750_seed8.json.gz profit=18916304 status=timeout
2026-05-27 22:53:34,716 INFO run_final_experiments | final progress 174/210 elapsed=969.9s solver=hld instance=strongly/N100000_M5/mckp_N100000_M5_strongly_f0.750_seed9.json.gz profit=21290166 status=timeout
2026-05-27 22:53:35,705 INFO run_final_experiments | final progress 175/210 elapsed=970.9s solver=hld instance=strongly/N100000_M5/mckp_N100000_M5_strongly_f0.750_seed7.json.gz profit=17972446 status=timeout
2026-05-27 22:53:37,721 INFO run_final_experiments | final progress 176/210 elapsed=973.0s solver=hld instance=uncorrelated/N100000_M20/mckp_N100000_M20_uncorrelated_f0.500_seed1.json.gz profit=27097750 status=timeout
2026-05-27 22:53:38,856 INFO run_final_experiments | final progress 177/210 elapsed=974.1s solver=hld instance=uncorrelated/N100000_M20/mckp_N100000_M20_uncorrelated_f0.500_seed10.json.gz profit=36680613 status=timeout
2026-05-27 22:53:40,142 INFO run_final_experiments | final progress 178/210 elapsed=975.4s solver=hld instance=uncorrelated/N100000_M20/mckp_N100000_M20_uncorrelated_f0.500_seed11.json.gz profit=20743157 status=timeout
2026-05-27 22:53:42,206 INFO run_final_experiments | final progress 179/210 elapsed=977.4s solver=hld instance=uncorrelated/N100000_M20/mckp_N100000_M20_uncorrelated_f0.500_seed12.json.gz profit=30310364 status=timeout
2026-05-27 22:53:43,500 INFO run_final_experiments | final progress 180/210 elapsed=978.7s solver=hld instance=uncorrelated/N100000_M20/mckp_N100000_M20_uncorrelated_f0.500_seed13.json.gz profit=47298227 status=timeout
2026-05-27 22:54:09,011 INFO run_final_experiments | final progress 181/210 elapsed=1004.2s solver=hld instance=uncorrelated/N100000_M20/mckp_N100000_M20_uncorrelated_f0.500_seed15.json.gz profit=33471947 status=timeout
2026-05-27 22:54:31,766 INFO run_final_experiments | final progress 182/210 elapsed=1027.0s solver=hld instance=uncorrelated/N100000_M20/mckp_N100000_M20_uncorrelated_f0.500_seed16.json.gz profit=23929543 status=timeout
2026-05-27 22:54:32,318 INFO run_final_experiments | final progress 183/210 elapsed=1027.5s solver=hld instance=uncorrelated/N100000_M20/mckp_N100000_M20_uncorrelated_f0.500_seed17.json.gz profit=17559764 status=timeout
2026-05-27 22:54:34,028 INFO run_final_experiments | final progress 184/210 elapsed=1029.3s solver=hld instance=uncorrelated/N100000_M20/mckp_N100000_M20_uncorrelated_f0.500_seed18.json.gz profit=22317399 status=timeout
2026-05-27 22:54:37,726 INFO run_final_experiments | final progress 185/210 elapsed=1033.0s solver=hld instance=uncorrelated/N100000_M20/mckp_N100000_M20_uncorrelated_f0.500_seed20.json.gz profit=41452480 status=timeout
2026-05-27 22:54:39,603 INFO run_final_experiments | final progress 186/210 elapsed=1034.8s solver=hld instance=uncorrelated/N100000_M20/mckp_N100000_M20_uncorrelated_f0.500_seed22.json.gz profit=27108797 status=timeout
2026-05-27 22:54:39,957 INFO run_final_experiments | final progress 187/210 elapsed=1035.2s solver=hld instance=uncorrelated/N100000_M20/mckp_N100000_M20_uncorrelated_f0.500_seed24.json.gz profit=42546596 status=timeout
2026-05-27 22:54:42,629 INFO run_final_experiments | final progress 188/210 elapsed=1037.9s solver=hld instance=uncorrelated/N100000_M20/mckp_N100000_M20_uncorrelated_f0.500_seed25.json.gz profit=28701659 status=timeout
2026-05-27 22:54:42,763 INFO run_final_experiments | final progress 189/210 elapsed=1038.0s solver=hld instance=uncorrelated/N100000_M20/mckp_N100000_M20_uncorrelated_f0.500_seed26.json.gz profit=43030225 status=timeout
2026-05-27 22:54:45,372 INFO run_final_experiments | final progress 190/210 elapsed=1040.6s solver=hld instance=uncorrelated/N100000_M20/mckp_N100000_M20_uncorrelated_f0.500_seed27.json.gz profit=23910988 status=timeout
2026-05-27 22:54:48,782 INFO run_final_experiments | final progress 191/210 elapsed=1044.0s solver=hld instance=uncorrelated/N100000_M20/mckp_N100000_M20_uncorrelated_f0.500_seed28.json.gz profit=25514541 status=timeout
2026-05-27 22:54:49,336 INFO run_final_experiments | final progress 192/210 elapsed=1044.6s solver=hld instance=uncorrelated/N100000_M20/mckp_N100000_M20_uncorrelated_f0.500_seed29.json.gz profit=14352655 status=timeout
2026-05-27 22:55:14,026 INFO run_final_experiments | final progress 193/210 elapsed=1069.3s solver=hld instance=uncorrelated/N100000_M20/mckp_N100000_M20_uncorrelated_f0.500_seed3.json.gz profit=28233028 status=timeout
2026-05-27 22:55:36,935 INFO run_final_experiments | final progress 194/210 elapsed=1092.2s solver=hld instance=uncorrelated/N100000_M20/mckp_N100000_M20_uncorrelated_f0.500_seed30.json.gz profit=23919351 status=timeout
2026-05-27 22:55:38,083 INFO run_final_experiments | final progress 195/210 elapsed=1093.4s solver=hld instance=uncorrelated/N100000_M20/mckp_N100000_M20_uncorrelated_f0.500_seed31.json.gz profit=17542037 status=timeout
2026-05-27 22:55:40,834 INFO run_final_experiments | final progress 196/210 elapsed=1096.1s solver=hld instance=uncorrelated/N100000_M20/mckp_N100000_M20_uncorrelated_f0.500_seed33.json.gz profit=28715451 status=timeout
2026-05-27 22:55:41,501 INFO run_final_experiments | final progress 197/210 elapsed=1096.8s solver=hld instance=uncorrelated/N100000_M20/mckp_N100000_M20_uncorrelated_f0.500_seed34.json.gz profit=48911764 status=timeout
2026-05-27 22:55:44,398 INFO run_final_experiments | final progress 198/210 elapsed=1099.7s solver=hld instance=uncorrelated/N100000_M20/mckp_N100000_M20_uncorrelated_f0.500_seed39.json.gz profit=33470635 status=timeout
2026-05-27 22:55:45,001 INFO run_final_experiments | final progress 199/210 elapsed=1100.3s solver=hld instance=uncorrelated/N100000_M20/mckp_N100000_M20_uncorrelated_f0.500_seed35.json.gz profit=19138325 status=timeout
2026-05-27 22:55:47,321 INFO run_final_experiments | final progress 200/210 elapsed=1102.6s solver=hld instance=uncorrelated/N100000_M20/mckp_N100000_M20_uncorrelated_f0.500_seed4.json.gz profit=28673915 status=timeout
2026-05-27 22:55:48,423 INFO run_final_experiments | final progress 201/210 elapsed=1103.7s solver=hld instance=uncorrelated/N100000_M20/mckp_N100000_M20_uncorrelated_f0.500_seed41.json.gz profit=11158511 status=timeout
2026-05-27 22:55:50,266 INFO run_final_experiments | final progress 202/210 elapsed=1105.5s solver=hld instance=uncorrelated/N100000_M20/mckp_N100000_M20_uncorrelated_f0.500_seed42.json.gz profit=17550502 status=timeout
2026-05-27 22:55:52,666 INFO run_final_experiments | final progress 203/210 elapsed=1107.9s solver=hld instance=uncorrelated/N100000_M20/mckp_N100000_M20_uncorrelated_f0.500_seed43.json.gz profit=34606319 status=timeout
2026-05-27 22:55:53,542 INFO run_final_experiments | final progress 204/210 elapsed=1108.8s solver=hld instance=uncorrelated/N100000_M20/mckp_N100000_M20_uncorrelated_f0.500_seed44.json.gz profit=26849222 status=timeout
2026-05-27 22:56:19,075 INFO run_final_experiments | final progress 205/210 elapsed=1134.3s solver=hld instance=uncorrelated/N100000_M20/mckp_N100000_M20_uncorrelated_f0.500_seed45.json.gz profit=33480467 status=timeout
2026-05-27 22:56:40,342 INFO run_final_experiments | final progress 206/210 elapsed=1155.6s solver=hld instance=uncorrelated/N100000_M20/mckp_N100000_M20_uncorrelated_f0.500_seed46.json.gz profit=43043388 status=timeout
2026-05-27 22:56:42,455 INFO run_final_experiments | final progress 207/210 elapsed=1157.7s solver=hld instance=uncorrelated/N100000_M20/mckp_N100000_M20_uncorrelated_f0.500_seed47.json.gz profit=25505048 status=timeout
2026-05-27 22:56:45,081 INFO run_final_experiments | final progress 208/210 elapsed=1160.4s solver=hld instance=uncorrelated/N100000_M20/mckp_N100000_M20_uncorrelated_f0.500_seed48.json.gz profit=31881007 status=timeout
2026-05-27 22:56:45,372 INFO run_final_experiments | final progress 209/210 elapsed=1160.6s solver=hld instance=uncorrelated/N100000_M20/mckp_N100000_M20_uncorrelated_f0.500_seed5.json.gz profit=38267304 status=timeout
2026-05-27 22:56:47,238 INFO run_final_experiments | final progress 210/210 elapsed=1162.5s solver=hld instance=uncorrelated/N100000_M20/mckp_N100000_M20_uncorrelated_f0.500_seed7.json.gz profit=47820755 status=timeout
2026-05-27 22:56:47,238 INFO run_final_experiments | Wrote final experiment rows to results/class_ordering/sequential.csv
